"../../../../../../Users/NIVELLE MENDIOLA/Documents/GitHub/AlfonzGoingGreen/Content/BP/Main/gameinfoinstance.uasset" 0
"../../../Engine/Content/Functions/Engine_MaterialFunctions01/Opacity/CameraDepthFade.uasset" 1
"../../../Engine/Content/EngineMaterials/T_Default_Material_Grid_M.uasset" 2
"../../../Engine/Content/EngineMaterials/T_Default_Material_Grid_N.uasset" 3
"../../../Engine/Content/EngineMaterials/DefaultMaterial.uasset" 4
"../../../Engine/Content/BasicShapes/Cone.uasset" 5
"../../../Engine/Content/BasicShapes/Cylinder.uasset" 6
"../../../Engine/Content/EngineMaterials/WorldGridMaterial.uasset" 7
"../../../Engine/Content/BasicShapes/Plane.uasset" 8
"../../../Engine/Content/BasicShapes/Sphere.uasset" 9
"../../../Engine/Content/EditorLandscapeResources/DataLayer.uasset" 10
"../../../Engine/Content/EditorMaterials/GizmoMaterial.uasset" 11
"../../../Engine/Content/EditorMaterials/MAT_Groups_Toggle.uasset" 12
"../../../Engine/Content/EditorMaterials/MAT_Groups_Visibility.uasset" 13
"../../../Engine/Content/EditorMaterials/PreviewShadowIndicator.uasset" 14
"../../../Engine/Content/EditorMaterials/PreviewShadowIndicatorMaterial.uasset" 15
"../../../Engine/Content/EditorMaterials/MatineeGroups/MAT_ColorTrack.uasset" 16
"../../../Engine/Content/EditorMaterials/MatineeGroups/MAT_Groups_Anim.uasset" 17
"../../../Engine/Content/EditorMaterials/MatineeGroups/MAT_Groups_AudioMaster.uasset" 18
"../../../Engine/Content/EditorMaterials/MatineeGroups/MAT_Groups_Director.uasset" 19
"../../../Engine/Content/EditorMaterials/MatineeGroups/MAT_Groups_Event.uasset" 20
"../../../Engine/Content/EditorMaterials/MatineeGroups/MAT_Groups_Fade.uasset" 21
"../../../Engine/Content/EditorMaterials/MatineeGroups/MAT_Groups_Float.uasset" 22
"../../../Engine/Content/EditorMaterials/MatineeGroups/MAT_Groups_Move.uasset" 23
"../../../Engine/Content/EditorMaterials/MatineeGroups/MAT_Groups_Slomo.uasset" 24
"../../../Engine/Content/EditorMaterials/MatineeGroups/MAT_Groups_Sound.uasset" 25
"../../../Engine/Content/EditorMaterials/MatineeGroups/MAT_Groups_Vector.uasset" 26
"../../../Engine/Content/EditorMaterials/ParticleSystems/PSysThumbnail_NoImage.uasset" 27
"../../../Engine/Content/EditorMaterials/ParticleSystems/PSysThumbnail_OOD.uasset" 28
"../../../Engine/Content/EditorMaterials/Camera/CineMat.uasset" 29
"../../../Engine/Content/EditorMaterials/Camera/MI_CineMat_Rig.uasset" 30
"../../../Engine/Content/EditorMeshes/Camera/SM_CraneRig_Arm.uasset" 31
"../../../Engine/Content/EditorMeshes/Camera/SM_CraneRig_Base.uasset" 32
"../../../Engine/Content/EditorMeshes/Camera/SM_CraneRig_Body.uasset" 33
"../../../Engine/Content/EditorMeshes/Camera/SM_CraneRig_Mount.uasset" 34
"../../../Engine/Content/EditorMeshes/Camera/SM_RailRig_Mount.uasset" 35
"../../../Engine/Content/EditorMeshes/Camera/SM_RailRig_Track.uasset" 36
"../../../Engine/Content/EditorMeshes/ColorCalibrator/M_ChromeBall.uasset" 37
"../../../Engine/Content/EditorMeshes/ColorCalibrator/M_ClearCoat.uasset" 38
"../../../Engine/Content/EditorMeshes/ColorCalibrator/M_ClearCoatBlack.uasset" 39
"../../../Engine/Content/EditorMeshes/ColorCalibrator/Color_checker.uasset" 40
"../../../Engine/Content/EditorMeshes/ColorCalibrator/M_ColorGrid.uasset" 41
"../../../Engine/Content/EditorMeshes/ColorCalibrator/M_GreyBall.uasset" 42
"../../../Engine/Content/EditorMeshes/ColorCalibrator/SM_ColorCalibrator.uasset" 43
"../../../Engine/Content/EditorResources/BSPVertex.uasset" 44
"../../../Engine/Content/EditorResources/EmptyActor.uasset" 45
"../../../Engine/Content/EditorResources/S_Actor.uasset" 46
"../../../Engine/Content/EditorResources/S_Trigger.uasset" 47
"../../../Engine/Content/EditorResources/AudioIcons/S_AudioComponent_AutoActivate.uasset" 48
"../../../Engine/Content/EditorResources/LightIcons/S_LightError.uasset" 49
"../../../Engine/Content/EditorResources/SequenceRecorder/Countdown.uasset" 50
"../../../Engine/Content/EditorResources/SequenceRecorder/RecordingIndicator.uasset" 51
"../../../Engine/Content/EditorSounds/Notifications/CompileFailed.uasset" 52
"../../../Engine/Content/EditorSounds/Notifications/CompileFailed_Cue.uasset" 53
"../../../Engine/Content/EditorSounds/Notifications/CompileSuccess.uasset" 54
"../../../Engine/Content/EditorSounds/Notifications/CompileStart_Cue.uasset" 55
"../../../Engine/Content/EditorSounds/Notifications/CompileSuccess_Cue.uasset" 56
"../../../Engine/Content/EngineDamageTypes/DmgTypeBP_Environmental.uasset" 57
"../../../Engine/Content/EngineDebugMaterials/HeatmapGradient.uasset" 58
"../../../Engine/Content/EngineDebugMaterials/BoneWeightMaterial.uasset" 59
"../../../Engine/Content/EngineDebugMaterials/ClothMaterial.uasset" 60
"../../../Engine/Content/EngineDebugMaterials/ClothMaterial_WF.uasset" 61
"../../../Engine/Content/EngineDebugMaterials/DebugEditorMaterial.uasset" 62
"../../../Engine/Content/EngineDebugMaterials/DebugMeshMaterial.uasset" 63
"../../../Engine/Content/EngineDebugMaterials/GeomMaterial.uasset" 64
"../../../Engine/Content/EngineFonts/Faces/RobotoBold.uasset" 65
"../../../Engine/Content/EngineFonts/Faces/RobotoBoldItalic.uasset" 66
"../../../Engine/Content/EngineFonts/Faces/RobotoItalic.uasset" 67
"../../../Engine/Content/EngineFonts/Faces/RobotoLight.uasset" 68
"../../../Engine/Content/EngineFonts/Faces/RobotoRegular.uasset" 69
"../../../Engine/Content/EngineFonts/Roboto.uasset" 70
"../../../Engine/Content/EngineFonts/Faces/RobotoTiny.uasset" 71
"../../../Engine/Content/EngineFonts/RobotoTiny.uasset" 72
"../../../Engine/Content/EngineMaterials/DefaultBloomKernel.uasset" 73
"../../../Engine/Content/EngineMaterials/DefaultBokeh.uasset" 74
"../../../Engine/Content/EngineMaterials/DefaultDiffuse.uasset" 75
"../../../Engine/Content/EngineMaterials/DefaultDeferredDecalMaterial.uasset" 76
"../../../Engine/Content/EngineMaterials/DefaultLightFunctionMaterial.uasset" 77
"../../../Engine/Content/EngineMaterials/DefaultPhysicalMaterial.uasset" 78
"../../../Engine/Content/Functions/Engine_MaterialFunctions02/Utility/BreakOutFloat2Components.uasset" 79
"../../../Engine/Content/EngineMaterials/DefaultPostProcessMaterial.uasset" 80
"../../../Engine/Content/EngineFonts/RobotoDistanceField.uasset" 81
"../../../Engine/Content/EngineMaterials/DefaultTextMaterialOpaque.uasset" 82
"../../../Engine/Content/EngineMaterials/DefaultWhiteGrid.uasset" 83
"../../../Engine/Content/EngineMaterials/EditorBrushMaterial.uasset" 84
"../../../Engine/Content/EngineMaterials/Good64x64TilingNoiseHighFreq.uasset" 85
"../../../Engine/Content/EngineMaterials/MiniFont.uasset" 86
"../../../Engine/Content/EngineMaterials/InvalidLightmapSettings.uasset" 87
"../../../Engine/Content/EngineMaterials/M_InvalidLightmapSettings.uasset" 88
"../../../Engine/Content/Functions/Engine_MaterialFunctions02/WorldPositionOffset/CameraOffset.uasset" 89
"../../../Engine/Content/EngineMaterials/PhAT_JointLimitMaterial.uasset" 90
"../../../Engine/Content/EngineMaterials/PreintegratedSkinBRDF.uasset" 91
"../../../Engine/Content/EngineMaterials/RemoveSurfaceMaterial.uasset" 92
"../../../Engine/Content/EngineMaterials/WeightMapPlaceholderTexture.uasset" 93
"../../../Engine/Content/EngineResources/WhiteSquareTexture.uasset" 94
"../../../Engine/Content/EngineMaterials/Widget3DPassThrough.uasset" 95
"../../../Engine/Content/EngineMaterials/Widget3DPassThrough_Masked.uasset" 96
"../../../Engine/Content/EngineMaterials/Widget3DPassThrough_Opaque.uasset" 97
"../../../Engine/Content/EngineMaterials/Widget3DPassThrough_Masked_OneSided.uasset" 98
"../../../Engine/Content/EngineMaterials/Widget3DPassThrough_Opaque_OneSided.uasset" 99
"../../../Engine/Content/EngineMaterials/Widget3DPassThrough_Translucent.uasset" 100
"../../../Engine/Content/EngineMaterials/Widget3DPassThrough_Translucent_OneSided.uasset" 101
"../../../Engine/Content/EngineMeshes/Cube.uasset" 102
"../../../Engine/Content/EngineMeshes/Cylinder.uasset" 103
"../../../Engine/Content/EngineMeshes/Sphere.uasset" 104
"../../../Engine/Content/EngineResources/Black.uasset" 105
"../../../Engine/Content/EngineResources/DefaultTexture.uasset" 106
"../../../Engine/Content/EngineResources/DefaultTextureCube.uasset" 107
"../../../Engine/Content/EngineResources/GradientTexture0.uasset" 108
"../../../Engine/Content/EngineSounds/Master.uasset" 109
"../../../Engine/Content/Functions/Engine_MaterialFunctions01/Shading/ConvertFromDiffSpec.uasset" 110
"../../../Engine/Content/Functions/Engine_MaterialFunctions01/Shading/PowerToRoughness.uasset" 111
"../../../Engine/Content/Maps/Templates/Thumbnails/Default.uasset" 112
"../../../Engine/Content/Maps/Templates/Thumbnails/VR-Basic.uasset" 113
"../../../Engine/Content/MobileResources/T_MobileControls_texture.uasset" 114
"../../../Engine/Content/MobileResources/T_MobileMenu2.uasset" 115
"../../../Engine/Content/MobileResources/HUD/AnalogHat.uasset" 116
"../../../Engine/Content/MobileResources/HUD/VirtualJoystick_Background.uasset" 117
"../../../Engine/Content/MobileResources/HUD/VirtualJoystick_Thumb.uasset" 118
"../../../Engine/Content/MobileResources/HUD/DefaultVirtualJoysticks.uasset" 119
"../../../Engine/Content/MobileResources/HUD/LeftVirtualJoystickOnly.uasset" 120
"../../../Engine/Content/MobileResources/HUD/MobileHUDButton1_off.uasset" 121
"../../../Engine/Content/MobileResources/HUD/MobileHUDButton1_on.uasset" 122
"../../../Engine/Content/MobileResources/HUD/MobileHUDButton2_off.uasset" 123
"../../../Engine/Content/MobileResources/HUD/MobileHUDButton2_on.uasset" 124
"../../../Engine/Content/MobileResources/HUD/MobileHUDButton3.uasset" 125
"../../../Engine/Content/MobileResources/HUD/MobileHUDButtonFire.uasset" 126
"../../../Engine/Content/MobileResources/HUD/MobileHUDDirectionPad.uasset" 127
"../../../Engine/Content/MobileResources/HUD/MobileHUDDirectionPad2.uasset" 128
"../../../Engine/Content/MobileResources/HUD/MobileHUDDirectionPad3.uasset" 129
"../../../Engine/Content/MobileResources/HUD/MobileHUDDirectionStick.uasset" 130
"../../../Engine/Content/MobileResources/HUD/T_Castle_ThumbstickInner.uasset" 131
"../../../Engine/Content/MobileResources/HUD/T_Castle_ThumbstickOutter.uasset" 132
"../../../Engine/Content/Tutorial/ContentIntroCurve.uasset" 133
"../../../Engine/Content/Tutorial/Basics/TutorialAssets/icon_tab_Levels_40x.uasset" 134
"../../../Engine/Content/Tutorial/BlueprintTutorials/TutorialAssets/BlueprintInterface_64x.uasset" 135
"../../../Engine/Content/Tutorial/BlueprintTutorials/TutorialAssets/BlueprintMacroLibrary_64x.uasset" 136
"../../../Engine/Content/Tutorial/BlueprintTutorials/TutorialAssets/Blueprint_64x.uasset" 137
"../../../Engine/Content/Tutorial/BlueprintTutorials/TutorialAssets/Tutorial_BP_Interface.uasset" 138
"../../../Engine/Content/Tutorial/Foliage/TutorialAssets/Foliage.uasset" 139
"../../../Engine/Content/Tutorial/Landscape/TutorialAssets/Landscape.uasset" 140
"../../../Engine/Content/Tutorial/Mobile/TutorialAssets/android_Icon.uasset" 141
"../../../Engine/Content/Tutorial/Paper2D/TutorialAssets/Paper2DFlipbook_TutorialIcon.uasset" 142
"../../../Engine/Content/Tutorial/Paper2D/TutorialAssets/Paper2DSprite_TutorialIcon.uasset" 143
"../../../Engine/Content/Tutorial/SubEditors/TutorialAssets/icon_Editor_Preferences_General_40x.uasset" 144
"../../../Engine/Content/Tutorial/SubEditors/TutorialAssets/icon_ShowSkeletalMeshes_40x.uasset" 145
"../../../Engine/Content/Tutorial/SubEditors/TutorialAssets/TutorialMaterial.uasset" 146
"../../../Engine/Content/Tutorial/SubEditors/TutorialAssets/T_SmokeSubUV_8X8.uasset" 147
"../../../Engine/Content/Tutorial/SubEditors/TutorialAssets/T_soft_smoke.uasset" 148
"../../../Engine/Content/Tutorial/SubEditors/TutorialAssets/M_smoke_subUV_blackbody.uasset" 149
"../../../Engine/Content/Tutorial/SubEditors/TutorialAssets/TutorialParticleSystem.uasset" 150
"../../../Engine/Content/VREditor/Fonts/VRText_RobotoLarge.uasset" 151
"../../../Engine/Content/VREditor/Fonts/VRTextMaterial.uasset" 152
"../../../Engine/Content/Functions/Engine_MaterialFunctions01/Gradient/RadialGradient.uasset" 153
"../../../Engine/Content/VREditor/WorldMovementGrid/SimpleGrid.uasset" 154
"../../../Engine/Content/VREditor/WorldMovementGrid/GridMaterial.uasset" 155
"../../../Engine/Content/Functions/Engine_MaterialFunctions01/Density/ExponentialDensity.uasset" 156
"../../../Engine/Content/VREditor/WorldMovementGrid/GridPostProcess.uasset" 157
"../../../Engine/Content/Functions/Engine_MaterialFunctions02/Utility/BreakOutFloat3Components.uasset" 158
"../../../Engine/Content/VREditor/Devices/Vive/VivePreController_MasksB.uasset" 159
"../../../Engine/Content/VREditor/Devices/Oculus/OculusControllerMaterial.uasset" 160
"../../../Engine/Content/VREditor/Devices/Oculus/OculusControllerMaterial_Inst.uasset" 161
"../../../Engine/Content/VREditor/Devices/Vive/T_VivePreController_EM.uasset" 162
"../../../Engine/Content/VREditor/Devices/Vive/VivePreController_MasksA.uasset" 163
"../../../Engine/Content/VREditor/Devices/Vive/VivePreControllerDiffuse.uasset" 164
"../../../Engine/Content/VREditor/Devices/Vive/VivePreControllerSpec.uasset" 165
"../../../Engine/Content/VREditor/LaserPointer/VR_LaserPower_01.uasset" 166
"../../../Engine/Content/VREditor/Devices/Vive/VivePreControllerMaterial.uasset" 167
"../../../Engine/Content/VREditor/Devices/Vive/VivePreControllerMaterial_Inst.uasset" 168
"../../../Engine/Content/VREditor/LaserPointer/LaserPointerMaterial.uasset" 169
"../../../Engine/Content/VREditor/LaserPointer/LaserPointerMaterialInst.uasset" 170
"../../../Engine/Content/VREditor/LaserPointer/TranslucentLaserPointerMaterialInst.uasset" 171
"../../../Engine/Content/VREditor/Teleport/TeleportDirectionMaterial.uasset" 172
"../../../Engine/Content/VREditor/Teleport/TeleportDirectionMaterial_Inst.uasset" 173
"../../../Engine/Content/VREditor/TransformGizmo/TransformGizmoMaterial.uasset" 174
"../../../Engine/Content/VREditor/TransformGizmo/TransformGizmoMaterial_Inst.uasset" 175
"../../../Engine/Content/VREditor/TransformGizmo/TranslucentTransformGizmoMaterial.uasset" 176
"../../../Engine/Content/VREditor/TransformGizmo/TranslucentTransformGizmoMaterial_Inst.uasset" 177
"../../../Engine/Content/VREditor/Devices/Generic/GenericHMDMaterial.uasset" 178
"../../../Engine/Content/VREditor/Devices/Generic/GenericHMD.uasset" 179
"../../../Engine/Content/VREditor/Devices/Oculus/OculusControllerMesh.uasset" 180
"../../../Engine/Content/VREditor/Devices/Vive/VivePreControllerMesh.uasset" 181
"../../../Engine/Content/VREditor/LaserPointer/CursorPointer.uasset" 182
"../../../Engine/Content/VREditor/LaserPointer/HoverMaterial.uasset" 183
"../../../Engine/Content/VREditor/LaserPointer/TranslucentHoverMaterial.uasset" 184
"../../../Engine/Content/VREditor/LaserPointer/HoverMesh.uasset" 185
"../../../Engine/Content/VREditor/LaserPointer/LaserPointerMesh.uasset" 186
"../../../Engine/Content/VREditor/LaserPointer/LaserPointerMesh_End.uasset" 187
"../../../Engine/Content/VREditor/LaserPointer/LaserPointerMesh_Start.uasset" 188
"../../../Engine/Content/VREditor/Sounds/UI/Click_on_Button_Cue.uasset" 189
"../../../Engine/Content/VREditor/Sounds/UI/Dockable_Window_Close.uasset" 190
"../../../Engine/Content/VREditor/Sounds/UI/Dockable_Window_Drop.uasset" 191
"../../../Engine/Content/VREditor/Sounds/UI/Dockable_Window_Open.uasset" 192
"../../../Engine/Content/VREditor/Sounds/UI/Dockable_Window_Pick_Up.uasset" 193
"../../../Engine/Content/VREditor/Sounds/UI/Drop_Item_From_ContentBrowser.uasset" 194
"../../../Engine/Content/VREditor/Sounds/UI/Floating_UI_Open-001.uasset" 195
"../../../Engine/Content/VREditor/Sounds/UI/Radial_Menu_FadeOut.uasset" 196
"../../../Engine/Content/VREditor/Sounds/UI/Teleport_Mode_Entered.uasset" 197
"../../../Engine/Content/VREditor/Sounds/VR_teleport.uasset" 198
"../../../Engine/Content/VREditor/Teleport/TeleportDirectionMesh.uasset" 199
"../../../Engine/Content/VREditor/TransformGizmo/Main.uasset" 200
"../../../Engine/Content/VREditor/TransformGizmo/Xray.uasset" 201
"../../../Engine/Content/VREditor/TransformGizmo/SM_Dialog_Close.uasset" 202
"../../../Engine/Content/VREditor/TransformGizmo/SM_Dialog_Move.uasset" 203
"../../../Engine/Content/VREditor/Devices/Vive/UE4_Logo.uasset" 204
"../../../Engine/Content/VREditor/UI/M_ContentWindow.uasset" 205
"../../../Engine/Content/VREditor/UI/SM_ContentWindow_01.uasset" 206
"../../../Engine/Content/VREditor/UI/KeyDiskMaterial.uasset" 207
"../../../Engine/Content/VREditor/UI/DiscMaterial.uasset" 208
"../../../Engine/Content/VREditor/UI/SM_Radial_Disk.uasset" 209
"../../../Engine/Content/VREditor/UI/ArrowMaterial.uasset" 210
"../../../Engine/Content/VREditor/UI/SM_Radial_Pointer.uasset" 211
"../../../Engine/Content/EditorLandscapeResources/FlattenHeightMat.uasset" 212
"../../../Engine/Content/VREditor/WorldMovementGrid/PlaneMesh.uasset" 213
"../../../Engine/Content/VREditor/VREditorAssetContainerData.uasset" 214
"../../../Engine/Content/VREditor/FloatingText/LineMaterial.uasset" 215
"../../../Engine/Content/VREditor/FloatingText/JointSphere.uasset" 216
"../../../Engine/Content/VREditor/FloatingText/LineSegmentCylinder.uasset" 217
"../../../Engine/Content/VREditor/Fonts/TranslucentVRTextMaterial.uasset" 218
"../../../Engine/Content/VREditor/Sounds/UI/Click_on_Button.uasset" 219
"../../../Engine/Content/VREditor/TransformGizmo/BoundingBoxCorner.uasset" 220
"../../../Engine/Content/VREditor/TransformGizmo/BoundingBoxEdge.uasset" 221
"../../../Engine/Content/VREditor/TransformGizmo/PlaneTranslationHandle.uasset" 222
"../../../Engine/Content/VREditor/TransformGizmo/SM_Sequencer_Key.uasset" 223
"../../../Engine/Content/VREditor/TransformGizmo/SM_Sequencer_Node.uasset" 224
"../../Plugins/2D/Paper2D/Content/PlaceholderTextures/DummySpriteTexture.uasset" 225
"../../Plugins/2D/Paper2D/Content/DummySprite.uasset" 226
"../../Plugins/2D/Paper2D/Content/DefaultPaperTerrainMaterial.uasset" 227
"../../Plugins/2D/Paper2D/Content/DefaultSpriteMaterial.uasset" 228
"../../Plugins/2D/Paper2D/Content/MaskedUnlitSpriteMaterial.uasset" 229
"../../Plugins/2D/Paper2D/Content/OpaqueUnlitSpriteMaterial.uasset" 230
"../../Plugins/Media/MediaCompositing/Content/DefaultMediaPlaneTexture.uasset" 231
"../../Plugins/Media/MediaCompositing/Content/DefaultMediaPlaneMaterial.uasset" 232
"../../../Engine/Content/Functions/Engine_MaterialFunctions02/Utility/MakeFloat4.uasset" 233
"../../Plugins/Runtime/AppleARKit/Content/ARKitCameraMaterial.uasset" 234
"../../../../../../Users/NIVELLE MENDIOLA/Documents/GitHub/AlfonzGoingGreen/Content/Cossette/Maps/Level_MainMenuLevel_BuiltData.uasset" 235
"../../../../../../Users/NIVELLE MENDIOLA/Documents/GitHub/AlfonzGoingGreen/Content/Cossette/Blueprints/SaveGame.uasset" 236
"../../../../../../Users/NIVELLE MENDIOLA/Documents/GitHub/AlfonzGoingGreen/Content/BP/Main/SaveGameInstance.uasset" 237
"../../../../../../Users/NIVELLE MENDIOLA/Documents/GitHub/AlfonzGoingGreen/Content/cornfield.uasset" 238
"../../../../../../Users/NIVELLE MENDIOLA/Documents/GitHub/AlfonzGoingGreen/Content/Cossette/Textures/winANBARANGA/aquino.uasset" 239
"../../../../../../Users/NIVELLE MENDIOLA/Documents/GitHub/AlfonzGoingGreen/Content/Cossette/Blueprints/WidgetBlueprint/Into1.uasset" 240
"../../../../../../Users/NIVELLE MENDIOLA/Documents/GitHub/AlfonzGoingGreen/Content/Cossette/Blueprints/WidgetBlueprint/Intro10.uasset" 241
"../../../../../../Users/NIVELLE MENDIOLA/Documents/GitHub/AlfonzGoingGreen/Content/Cossette/Textures/winANBARANGA/barangay_1.uasset" 242
"../../../../../../Users/NIVELLE MENDIOLA/Documents/GitHub/AlfonzGoingGreen/Content/Cossette/Blueprints/WidgetBlueprint/Intro2.uasset" 243
"../../../../../../Users/NIVELLE MENDIOLA/Documents/GitHub/AlfonzGoingGreen/Content/Cossette/Blueprints/WidgetBlueprint/Intro3.uasset" 244
"../../../../../../Users/NIVELLE MENDIOLA/Documents/GitHub/AlfonzGoingGreen/Content/Cossette/Textures/winANBARANGA/barangay_2.uasset" 245
"../../../../../../Users/NIVELLE MENDIOLA/Documents/GitHub/AlfonzGoingGreen/Content/Cossette/Blueprints/WidgetBlueprint/Intro4.uasset" 246
"../../../../../../Users/NIVELLE MENDIOLA/Documents/GitHub/AlfonzGoingGreen/Content/Cossette/Textures/winANBARANGA/barangay_4.uasset" 247
"../../../../../../Users/NIVELLE MENDIOLA/Documents/GitHub/AlfonzGoingGreen/Content/Cossette/Blueprints/WidgetBlueprint/Intro5.uasset" 248
"../../../../../../Users/NIVELLE MENDIOLA/Documents/GitHub/AlfonzGoingGreen/Content/Cossette/Textures/winANBARANGA/barangay_V.uasset" 249
"../../../../../../Users/NIVELLE MENDIOLA/Documents/GitHub/AlfonzGoingGreen/Content/Cossette/Blueprints/WidgetBlueprint/Intro6.uasset" 250
"../../../../../../Users/NIVELLE MENDIOLA/Documents/GitHub/AlfonzGoingGreen/Content/Cossette/Textures/winANBARANGA/barangay_6.uasset" 251
"../../../../../../Users/NIVELLE MENDIOLA/Documents/GitHub/AlfonzGoingGreen/Content/Cossette/Blueprints/WidgetBlueprint/Intro7.uasset" 252
"../../../../../../Users/NIVELLE MENDIOLA/Documents/GitHub/AlfonzGoingGreen/Content/Cossette/Textures/winANBARANGA/barangay_7.uasset" 253
"../../../../../../Users/NIVELLE MENDIOLA/Documents/GitHub/AlfonzGoingGreen/Content/Cossette/Blueprints/WidgetBlueprint/Intro8.uasset" 254
"../../../../../../Users/NIVELLE MENDIOLA/Documents/GitHub/AlfonzGoingGreen/Content/Cossette/Textures/winANBARANGA/barangay_san_isidro.uasset" 255
"../../../../../../Users/NIVELLE MENDIOLA/Documents/GitHub/AlfonzGoingGreen/Content/Cossette/Blueprints/WidgetBlueprint/Intro9.uasset" 256
"../../../../../../Users/NIVELLE MENDIOLA/Documents/GitHub/AlfonzGoingGreen/Content/Cossette/Textures/introscreen/11.uasset" 257
"../../../../../../Users/NIVELLE MENDIOLA/Documents/GitHub/AlfonzGoingGreen/Content/Cossette/Blueprints/WidgetBlueprint/Into11.uasset" 258
"../../../../../../Users/NIVELLE MENDIOLA/Documents/GitHub/AlfonzGoingGreen/Content/Cossette/Textures/introscreen/12.uasset" 259
"../../../../../../Users/NIVELLE MENDIOLA/Documents/GitHub/AlfonzGoingGreen/Content/Cossette/Blueprints/WidgetBlueprint/Intro12.uasset" 260
"../../../../../../Users/NIVELLE MENDIOLA/Documents/GitHub/AlfonzGoingGreen/Content/Cossette/Textures/introscreen/13.uasset" 261
"../../../../../../Users/NIVELLE MENDIOLA/Documents/GitHub/AlfonzGoingGreen/Content/Cossette/Blueprints/WidgetBlueprint/Intro13.uasset" 262
"../../../../../../Users/NIVELLE MENDIOLA/Documents/GitHub/AlfonzGoingGreen/Content/Cossette/Textures/introscreen/14.uasset" 263
"../../../../../../Users/NIVELLE MENDIOLA/Documents/GitHub/AlfonzGoingGreen/Content/Cossette/Blueprints/WidgetBlueprint/Intro14.uasset" 264
"../../../../../../Users/NIVELLE MENDIOLA/Documents/GitHub/AlfonzGoingGreen/Content/Cossette/Textures/introscreen/15.uasset" 265
"../../../../../../Users/NIVELLE MENDIOLA/Documents/GitHub/AlfonzGoingGreen/Content/Cossette/Blueprints/WidgetBlueprint/Intro15.uasset" 266
"../../../../../../Users/NIVELLE MENDIOLA/Documents/GitHub/AlfonzGoingGreen/Content/Cossette/Textures/introscreen/16.uasset" 267
"../../../../../../Users/NIVELLE MENDIOLA/Documents/GitHub/AlfonzGoingGreen/Content/Cossette/Blueprints/WidgetBlueprint/Intro16.uasset" 268
"../../../../../../Users/NIVELLE MENDIOLA/Documents/GitHub/AlfonzGoingGreen/Content/Cossette/Textures/introscreen/17.uasset" 269
"../../../../../../Users/NIVELLE MENDIOLA/Documents/GitHub/AlfonzGoingGreen/Content/Cossette/Blueprints/WidgetBlueprint/Intro17.uasset" 270
"../../../../../../Users/NIVELLE MENDIOLA/Documents/GitHub/AlfonzGoingGreen/Content/Cossette/Textures/introscreen/18.uasset" 271
"../../../../../../Users/NIVELLE MENDIOLA/Documents/GitHub/AlfonzGoingGreen/Content/Cossette/Blueprints/WidgetBlueprint/Intro18.uasset" 272
"../../../../../../Users/NIVELLE MENDIOLA/Documents/GitHub/AlfonzGoingGreen/Content/Cossette/Textures/introscreen/19.uasset" 273
"../../../../../../Users/NIVELLE MENDIOLA/Documents/GitHub/AlfonzGoingGreen/Content/Cossette/Blueprints/WidgetBlueprint/Intro19.uasset" 274
"../../../../../../Users/NIVELLE MENDIOLA/Documents/GitHub/AlfonzGoingGreen/Content/Cossette/Textures/introscreen/20.uasset" 275
"../../../../../../Users/NIVELLE MENDIOLA/Documents/GitHub/AlfonzGoingGreen/Content/Cossette/Blueprints/WidgetBlueprint/Intro20.uasset" 276
"../../../../../../Users/NIVELLE MENDIOLA/Documents/GitHub/AlfonzGoingGreen/Content/Cossette/Textures/introscreen/21.uasset" 277
"../../../../../../Users/NIVELLE MENDIOLA/Documents/GitHub/AlfonzGoingGreen/Content/Cossette/Blueprints/WidgetBlueprint/Intro21.uasset" 278
"../../../../../../Users/NIVELLE MENDIOLA/Documents/GitHub/AlfonzGoingGreen/Content/Cossette/Textures/introscreen/22.uasset" 279
"../../../../../../Users/NIVELLE MENDIOLA/Documents/GitHub/AlfonzGoingGreen/Content/Cossette/Blueprints/WidgetBlueprint/Intro22.uasset" 280
"../../../../../../Users/NIVELLE MENDIOLA/Documents/GitHub/AlfonzGoingGreen/Content/Cossette/Textures/introscreen/23.uasset" 281
"../../../../../../Users/NIVELLE MENDIOLA/Documents/GitHub/AlfonzGoingGreen/Content/Cossette/Blueprints/WidgetBlueprint/Intro23.uasset" 282
"../../../../../../Users/NIVELLE MENDIOLA/Documents/GitHub/AlfonzGoingGreen/Content/Cossette/Textures/introscreen/24.uasset" 283
"../../../../../../Users/NIVELLE MENDIOLA/Documents/GitHub/AlfonzGoingGreen/Content/Cossette/Blueprints/WidgetBlueprint/Intro24.uasset" 284
"../../../../../../Users/NIVELLE MENDIOLA/Documents/GitHub/AlfonzGoingGreen/Content/Cossette/Textures/introscreen/25.uasset" 285
"../../../../../../Users/NIVELLE MENDIOLA/Documents/GitHub/AlfonzGoingGreen/Content/Cossette/Blueprints/WidgetBlueprint/Intro25.uasset" 286
"../../../../../../Users/NIVELLE MENDIOLA/Documents/GitHub/AlfonzGoingGreen/Content/Cossette/Textures/back.uasset" 287
"../../../../../../Users/NIVELLE MENDIOLA/Documents/GitHub/AlfonzGoingGreen/Content/Cossette/Textures/BRAGY_UNLOCK.uasset" 288
"../../../../../../Users/NIVELLE MENDIOLA/Documents/GitHub/AlfonzGoingGreen/Content/Cossette/Textures/green-back-button-icon-65921.uasset" 289
"../../../../../../Users/NIVELLE MENDIOLA/Documents/GitHub/AlfonzGoingGreen/Content/Cossette/Textures/SelectLevel.uasset" 290
"../../../../../../Users/NIVELLE MENDIOLA/Documents/GitHub/AlfonzGoingGreen/Content/Level/Aquino/fishpond-area.uasset" 291
"../../../../../../Users/NIVELLE MENDIOLA/Documents/GitHub/AlfonzGoingGreen/Content/Cossette/Blueprints/WidgetBlueprint/LevelSelect3.uasset" 292
"../../../../../../Users/NIVELLE MENDIOLA/Documents/GitHub/AlfonzGoingGreen/Content/Cossette/Textures/green-back-forward-icon-65921.uasset" 293
"../../../../../../Users/NIVELLE MENDIOLA/Documents/GitHub/AlfonzGoingGreen/Content/Cossette/Blueprints/WidgetBlueprint/LevelSelect2.uasset" 294
"../../../../../../Users/NIVELLE MENDIOLA/Documents/GitHub/AlfonzGoingGreen/Content/Cossette/Blueprints/WidgetBlueprint/LevelSelect.uasset" 295
"../../../../../../Users/NIVELLE MENDIOLA/Documents/GitHub/AlfonzGoingGreen/Content/Cossette/Blueprints/WidgetBlueprint/Continue.uasset" 296
"../../../../../../Users/NIVELLE MENDIOLA/Documents/GitHub/AlfonzGoingGreen/Content/city.uasset" 297
"../../../../../../Users/NIVELLE MENDIOLA/Documents/GitHub/AlfonzGoingGreen/Content/Cossette/Blueprints/WidgetBlueprint/GameScore.uasset" 298
"../../../../../../Users/NIVELLE MENDIOLA/Documents/GitHub/AlfonzGoingGreen/Content/Cossette/Textures/NO__1_.uasset" 299
"../../../../../../Users/NIVELLE MENDIOLA/Documents/GitHub/AlfonzGoingGreen/Content/Cossette/Textures/Username.uasset" 300
"../../../../../../Users/NIVELLE MENDIOLA/Documents/GitHub/AlfonzGoingGreen/Content/Cossette/Textures/yes.uasset" 301
"../../../../../../Users/NIVELLE MENDIOLA/Documents/GitHub/AlfonzGoingGreen/Content/Cossette/Blueprints/WidgetBlueprint/NewGame.uasset" 302
"../../../../../../Users/NIVELLE MENDIOLA/Documents/GitHub/AlfonzGoingGreen/Content/Cossette/Textures/nononono.uasset" 303
"../../../../../../Users/NIVELLE MENDIOLA/Documents/GitHub/AlfonzGoingGreen/Content/Cossette/Blueprints/WidgetBlueprint/Page2.uasset" 304
"../../../../../../Users/NIVELLE MENDIOLA/Documents/GitHub/AlfonzGoingGreen/Content/Cossette/Textures/no.uasset" 305
"../../../../../../Users/NIVELLE MENDIOLA/Documents/GitHub/AlfonzGoingGreen/Content/Cossette/Blueprints/WidgetBlueprint/WBP_SelectLevelBlueprint.uasset" 306
"../../../../../../Users/NIVELLE MENDIOLA/Documents/GitHub/AlfonzGoingGreen/Content/Cossette/Textures/are_u_sure_quitgame_cover.uasset" 307
"../../../../../../Users/NIVELLE MENDIOLA/Documents/GitHub/AlfonzGoingGreen/Content/Cossette/Textures/ARE_U_SURE_TO_QUIT.uasset" 308
"../../../../../../Users/NIVELLE MENDIOLA/Documents/GitHub/AlfonzGoingGreen/Content/Cossette/Blueprints/WidgetBlueprint/QuitGame.uasset" 309
"../../../../../../Users/NIVELLE MENDIOLA/Documents/GitHub/AlfonzGoingGreen/Content/Cossette/Textures/OFF__1_.uasset" 310
"../../../../../../Users/NIVELLE MENDIOLA/Documents/GitHub/AlfonzGoingGreen/Content/Cossette/Textures/on.uasset" 311
"../../../../../../Users/NIVELLE MENDIOLA/Documents/GitHub/AlfonzGoingGreen/Content/Cossette/Textures/settings.uasset" 312
"../../../../../../Users/NIVELLE MENDIOLA/Documents/GitHub/AlfonzGoingGreen/Content/Level/Aquino/fishpond-area2.uasset" 313
"../../../../../../Users/NIVELLE MENDIOLA/Documents/GitHub/AlfonzGoingGreen/Content/BP/Main/tata.uasset" 314
"../../../../../../Users/NIVELLE MENDIOLA/Documents/GitHub/AlfonzGoingGreen/Content/BP/Main/music.uasset" 315
"../../../../../../Users/NIVELLE MENDIOLA/Documents/GitHub/AlfonzGoingGreen/Content/mastermute.uasset" 316
"../../../../../../Users/NIVELLE MENDIOLA/Documents/GitHub/AlfonzGoingGreen/Content/ULL.uasset" 317
"../../../../../../Users/NIVELLE MENDIOLA/Documents/GitHub/AlfonzGoingGreen/Content/Cossette/Blueprints/WidgetBlueprint/Settings.uasset" 318
"../../../../../../Users/NIVELLE MENDIOLA/Documents/GitHub/AlfonzGoingGreen/Content/Cossette/Textures/continue.uasset" 319
"../../../../../../Users/NIVELLE MENDIOLA/Documents/GitHub/AlfonzGoingGreen/Content/Cossette/Textures/gamescore.uasset" 320
"../../../../../../Users/NIVELLE MENDIOLA/Documents/GitHub/AlfonzGoingGreen/Content/Cossette/Textures/Main_Menu.uasset" 321
"../../../../../../Users/NIVELLE MENDIOLA/Documents/GitHub/AlfonzGoingGreen/Content/Cossette/Textures/newgame.uasset" 322
"../../../../../../Users/NIVELLE MENDIOLA/Documents/GitHub/AlfonzGoingGreen/Content/Cossette/Textures/quitgame.uasset" 323
"../../../../../../Users/NIVELLE MENDIOLA/Documents/GitHub/AlfonzGoingGreen/Content/Cossette/Blueprints/WidgetBlueprint/WBP_MainMenuWidgetBlueprint.uasset" 324
"../../../../../../Users/NIVELLE MENDIOLA/Documents/GitHub/AlfonzGoingGreen/Content/HD-Disneys-Hercules-Action-Game-Soundtrack-Heros-Gauntlet.uasset" 325
"../../../../../../Users/NIVELLE MENDIOLA/Documents/GitHub/AlfonzGoingGreen/Content/Cossette/Maps/Level_MainMenuLevel.umap" 326
"../../../../../../Users/NIVELLE MENDIOLA/Documents/GitHub/AlfonzGoingGreen/Content/Characters/Monster/Bottle/BottleIdle_Skeleton.uasset" 327
"../../../../../../Users/NIVELLE MENDIOLA/Documents/GitHub/AlfonzGoingGreen/Content/Characters/Monster/Bottle/Bottle_Attack.uasset" 328
"../../../../../../Users/NIVELLE MENDIOLA/Documents/GitHub/AlfonzGoingGreen/Content/Characters/Monster/Bottle/BottleIdle_Anim.uasset" 329
"../../../../../../Users/NIVELLE MENDIOLA/Documents/GitHub/AlfonzGoingGreen/Content/Characters/MainChar/Main_Char_Rig_Skeleton.uasset" 330
"../../../../../../Users/NIVELLE MENDIOLA/Documents/GitHub/AlfonzGoingGreen/Content/Characterv2/Attack.uasset" 331
"../../../../../../Users/NIVELLE MENDIOLA/Documents/GitHub/AlfonzGoingGreen/Content/Characterv2/Onhit.uasset" 332
"../../../../../../Users/NIVELLE MENDIOLA/Documents/GitHub/AlfonzGoingGreen/Content/Characterv2/Run.uasset" 333
"../../../../../../Users/NIVELLE MENDIOLA/Documents/GitHub/AlfonzGoingGreen/Content/Characters/MainChar/BP/AnimBs_Alfonz.uasset" 334
"../../../../../../Users/NIVELLE MENDIOLA/Documents/GitHub/AlfonzGoingGreen/Content/Characters/MainChar/BP/NewAnimBlueprint.uasset" 335
"../../../../../../Users/NIVELLE MENDIOLA/Documents/GitHub/AlfonzGoingGreen/Content/Characterv2/Death.uasset" 336
"../../../Engine/Content/EditorBlueprintResources/StandardMacros.uasset" 337
"../../../../../../Users/NIVELLE MENDIOLA/Documents/GitHub/AlfonzGoingGreen/Content/Characters/MainChar/Props/lambert1.uasset" 338
"../../../../../../Users/NIVELLE MENDIOLA/Documents/GitHub/AlfonzGoingGreen/Content/Characters/MainChar/Props/sword.uasset" 339
"../../../../../../Users/NIVELLE MENDIOLA/Documents/GitHub/AlfonzGoingGreen/Content/Characters/MainChar/Props/A_Sword.uasset" 340
"../../../../../../Users/NIVELLE MENDIOLA/Documents/GitHub/AlfonzGoingGreen/Content/Cossette/Textures/Attack.uasset" 341
"../../../../../../Users/NIVELLE MENDIOLA/Documents/GitHub/AlfonzGoingGreen/Content/Cossette/Textures/Healthbar_-_Copy.uasset" 342
"../../../../../../Users/NIVELLE MENDIOLA/Documents/GitHub/AlfonzGoingGreen/Content/Cossette/Textures/Jump.uasset" 343
"../../../../../../Users/NIVELLE MENDIOLA/Documents/GitHub/AlfonzGoingGreen/Content/Cossette/Textures/Score.uasset" 344
"../../../../../../Users/NIVELLE MENDIOLA/Documents/GitHub/AlfonzGoingGreen/Content/Cossette/Blueprints/WidgetBlueprint/Attack_And_Jump.uasset" 345
"../../../../../../Users/NIVELLE MENDIOLA/Documents/GitHub/AlfonzGoingGreen/Content/Characters/MainChar/Texture/MainCharacter_Character_BaseColor.uasset" 346
"../../../../../../Users/NIVELLE MENDIOLA/Documents/GitHub/AlfonzGoingGreen/Content/Characters/MainChar/Texture/MainCharacter_Character_Normal.uasset" 347
"../../../../../../Users/NIVELLE MENDIOLA/Documents/GitHub/AlfonzGoingGreen/Content/Characters/MainChar/Texture/MainCharacter_Character_OcclusionRoughnessMetallic.uasset" 348
"../../../../../../Users/NIVELLE MENDIOLA/Documents/GitHub/AlfonzGoingGreen/Content/Characters/MainChar/Materials/Character.uasset" 349
"../../../../../../Users/NIVELLE MENDIOLA/Documents/GitHub/AlfonzGoingGreen/Content/Characters/MainChar/Texture/MainCharacter_Ear_BaseColor.uasset" 350
"../../../../../../Users/NIVELLE MENDIOLA/Documents/GitHub/AlfonzGoingGreen/Content/Characters/MainChar/Texture/MainCharacter_Ear_Normal.uasset" 351
"../../../../../../Users/NIVELLE MENDIOLA/Documents/GitHub/AlfonzGoingGreen/Content/Characters/MainChar/Texture/MainCharacter_Ear_OcclusionRoughnessMetallic.uasset" 352
"../../../../../../Users/NIVELLE MENDIOLA/Documents/GitHub/AlfonzGoingGreen/Content/Characters/MainChar/Materials/Ear.uasset" 353
"../../../../../../Users/NIVELLE MENDIOLA/Documents/GitHub/AlfonzGoingGreen/Content/Characters/MainChar/Texture/MainCharacter_G_BaseColor.uasset" 354
"../../../../../../Users/NIVELLE MENDIOLA/Documents/GitHub/AlfonzGoingGreen/Content/Characters/MainChar/Texture/MainCharacter_G_Normal.uasset" 355
"../../../../../../Users/NIVELLE MENDIOLA/Documents/GitHub/AlfonzGoingGreen/Content/Characters/MainChar/Texture/MainCharacter_G_OcclusionRoughnessMetallic.uasset" 356
"../../../../../../Users/NIVELLE MENDIOLA/Documents/GitHub/AlfonzGoingGreen/Content/Characters/MainChar/Materials/G.uasset" 357
"../../../../../../Users/NIVELLE MENDIOLA/Documents/GitHub/AlfonzGoingGreen/Content/Characters/MainChar/Materials/GLOGO.uasset" 358
"../../../../../../Users/NIVELLE MENDIOLA/Documents/GitHub/AlfonzGoingGreen/Content/lel/MainChar1_PhysicsAsset.uasset" 359
"../../../../../../Users/NIVELLE MENDIOLA/Documents/GitHub/AlfonzGoingGreen/Content/lel/MainChar1.uasset" 360
"../../../../../../Users/NIVELLE MENDIOLA/Documents/GitHub/AlfonzGoingGreen/Content/Pause.uasset" 361
"../../../../../../Users/NIVELLE MENDIOLA/Documents/GitHub/AlfonzGoingGreen/Content/Characters/MainChar/BP/CH_ALFONZ.uasset" 362
"../../../../../../Users/NIVELLE MENDIOLA/Documents/GitHub/AlfonzGoingGreen/Content/Characters/Monster/ketchupbottlemonster_lambert2_BaseColor.uasset" 363
"../../../../../../Users/NIVELLE MENDIOLA/Documents/GitHub/AlfonzGoingGreen/Content/Characters/Monster/ketchupbottlemonster_lambert2_Normal.uasset" 364
"../../../../../../Users/NIVELLE MENDIOLA/Documents/GitHub/AlfonzGoingGreen/Content/Characters/Monster/ketchupbottlemonster_lambert2_OcclusionRoughnessMetallic.uasset" 365
"../../../../../../Users/NIVELLE MENDIOLA/Documents/GitHub/AlfonzGoingGreen/Content/Characters/Monster/lambert2.uasset" 366
"../../../../../../Users/NIVELLE MENDIOLA/Documents/GitHub/AlfonzGoingGreen/Content/Characters/Monster/Bottle/BottleIdle_PhysicsAsset.uasset" 367
"../../../../../../Users/NIVELLE MENDIOLA/Documents/GitHub/AlfonzGoingGreen/Content/Characters/Monster/Bottle/BottleIdle.uasset" 368
"../../../../../../Users/NIVELLE MENDIOLA/Documents/GitHub/AlfonzGoingGreen/Content/Characters/Monster/Bottle/CH_Bottle.uasset" 369
"../../../Engine/Content/EngineSky/C_Sky_Cloud_Color.uasset" 370
"../../../Engine/Content/EngineSky/C_Sky_Horizon_Color.uasset" 371
"../../../Engine/Content/EngineSky/C_Sky_Zenith_Color.uasset" 372
"../../../Engine/Content/EngineSky/T_Sky_Blue.uasset" 373
"../../../Engine/Content/EngineSky/T_Sky_Clouds_M.uasset" 374
"../../../Engine/Content/EngineSky/T_Sky_Stars.uasset" 375
"../../../Engine/Content/EngineSky/M_Sky_Panning_Clouds2.uasset" 376
"../../../Engine/Content/EngineSky/SM_SkySphere.uasset" 377
"../../../Engine/Content/EngineSky/BP_Sky_Sphere.uasset" 378
"../../../../../../Users/NIVELLE MENDIOLA/Documents/GitHub/AlfonzGoingGreen/Content/BP/Main/PC_ALFONZ.uasset" 379
"../../../../../../Users/NIVELLE MENDIOLA/Documents/GitHub/AlfonzGoingGreen/Content/BP/Main/GM_ALFONZ.uasset" 380
"../../../../../../Users/NIVELLE MENDIOLA/Documents/GitHub/AlfonzGoingGreen/Content/Level/Stage1_BuiltData.uasset" 381
"../../../../../../Users/NIVELLE MENDIOLA/Documents/GitHub/AlfonzGoingGreen/Content/Level/Aquino/fishpond-area2_Mat.uasset" 382
"../../../../../../Users/NIVELLE MENDIOLA/Documents/GitHub/AlfonzGoingGreen/Content/Level/Aquino/fishpond-area_Mat.uasset" 383
"../../../../../../Users/NIVELLE MENDIOLA/Documents/GitHub/AlfonzGoingGreen/Content/NewMaterial.uasset" 384
"../../../Engine/Content/BasicShapes/Cube.uasset" 385
"../../../../../../Users/NIVELLE MENDIOLA/Documents/GitHub/AlfonzGoingGreen/Content/Cossette/Textures/LASTGAMEOVER.uasset" 386
"../../../../../../Users/NIVELLE MENDIOLA/Documents/GitHub/AlfonzGoingGreen/Content/Cossette/Textures/Untitled-1.uasset" 387
"../../../../../../Users/NIVELLE MENDIOLA/Documents/GitHub/AlfonzGoingGreen/Content/Cossette/Blueprints/WidgetBlueprint/LoseStage1.uasset" 388
"../../../../../../Users/NIVELLE MENDIOLA/Documents/GitHub/AlfonzGoingGreen/Content/Cossette/Textures/winANBARANGA/win_1.uasset" 389
"../../../../../../Users/NIVELLE MENDIOLA/Documents/GitHub/AlfonzGoingGreen/Content/Cossette/Blueprints/WidgetBlueprint/Win1.uasset" 390
"../../../../../../Users/NIVELLE MENDIOLA/Documents/GitHub/AlfonzGoingGreen/Content/HD-Disneys-Hercules-Action-Game-Soundtrack-Your-Basic-DID.uasset" 391
"../../../../../../Users/NIVELLE MENDIOLA/Documents/GitHub/AlfonzGoingGreen/Content/Level/HD-Disneys-Hercules-Action-Game-Soundtrack-Your-Basic-DID_Cue.uasset" 392
"../../../../../../Users/NIVELLE MENDIOLA/Documents/GitHub/AlfonzGoingGreen/Content/Level/Stage1.umap" 393
"../../../../../../Users/NIVELLE MENDIOLA/Documents/GitHub/AlfonzGoingGreen/Content/Characters/Monster/Trash_Idle_Skeleton.uasset" 394
"../../../../../../Users/NIVELLE MENDIOLA/Documents/GitHub/AlfonzGoingGreen/Content/Characters/Monster/Trash_Attack.uasset" 395
"../../../../../../Users/NIVELLE MENDIOLA/Documents/GitHub/AlfonzGoingGreen/Content/Characters/Monster/Trash_Idle_Anim.uasset" 396
"../../../../../../Users/NIVELLE MENDIOLA/Documents/GitHub/AlfonzGoingGreen/Content/Characters/Monster/jellymonster_lambert1_BaseColor.uasset" 397
"../../../../../../Users/NIVELLE MENDIOLA/Documents/GitHub/AlfonzGoingGreen/Content/Characters/Monster/jellymonster_lambert1_Normal.uasset" 398
"../../../../../../Users/NIVELLE MENDIOLA/Documents/GitHub/AlfonzGoingGreen/Content/Characters/Monster/jellymonster_lambert1_OcclusionRoughnessMetallic.uasset" 399
"../../../../../../Users/NIVELLE MENDIOLA/Documents/GitHub/AlfonzGoingGreen/Content/Characters/Monster/lambert1.uasset" 400
"../../../../../../Users/NIVELLE MENDIOLA/Documents/GitHub/AlfonzGoingGreen/Content/Characters/Monster/Trash_Idle_PhysicsAsset.uasset" 401
"../../../../../../Users/NIVELLE MENDIOLA/Documents/GitHub/AlfonzGoingGreen/Content/Characters/Monster/Trash_Idle.uasset" 402
"../../../../../../Users/NIVELLE MENDIOLA/Documents/GitHub/AlfonzGoingGreen/Content/Characters/Monster/Bottle/CH_Trash.uasset" 403
"../../../../../../Users/NIVELLE MENDIOLA/Documents/GitHub/AlfonzGoingGreen/Content/Characters/Monster/Jelly_Idle_Skeleton.uasset" 404
"../../../../../../Users/NIVELLE MENDIOLA/Documents/GitHub/AlfonzGoingGreen/Content/Characters/Monster/Jelly_Attack.uasset" 405
"../../../../../../Users/NIVELLE MENDIOLA/Documents/GitHub/AlfonzGoingGreen/Content/Characters/Monster/Jelly_Idle_Anim.uasset" 406
"../../../../../../Users/NIVELLE MENDIOLA/Documents/GitHub/AlfonzGoingGreen/Content/Characters/Monster/Jelly_Idle_PhysicsAsset.uasset" 407
"../../../../../../Users/NIVELLE MENDIOLA/Documents/GitHub/AlfonzGoingGreen/Content/Characters/Monster/Jelly_Idle.uasset" 408
"../../../../../../Users/NIVELLE MENDIOLA/Documents/GitHub/AlfonzGoingGreen/Content/Characters/Monster/Bottle/jell_Trash.uasset" 409
"../../../../../../Users/NIVELLE MENDIOLA/Documents/GitHub/AlfonzGoingGreen/Content/Level/Stage10_BuiltData.uasset" 410
"../../../../../../Users/NIVELLE MENDIOLA/Documents/GitHub/AlfonzGoingGreen/Content/Level/brgy1/ricefield2.uasset" 411
"../../../../../../Users/NIVELLE MENDIOLA/Documents/GitHub/AlfonzGoingGreen/Content/Level/brgy1/ricefield2_Mat.uasset" 412
"../../../../../../Users/NIVELLE MENDIOLA/Documents/GitHub/AlfonzGoingGreen/Content/Level/brgy1/ricefield.uasset" 413
"../../../../../../Users/NIVELLE MENDIOLA/Documents/GitHub/AlfonzGoingGreen/Content/Level/brgy1/ricefield_Mat.uasset" 414
"../../../../../../Users/NIVELLE MENDIOLA/Documents/GitHub/AlfonzGoingGreen/Content/Cossette/Blueprints/WidgetBlueprint/LoseStage10.uasset" 415
"../../../../../../Users/NIVELLE MENDIOLA/Documents/GitHub/AlfonzGoingGreen/Content/Cossette/Textures/winANBARANGA/win_9.uasset" 416
"../../../../../../Users/NIVELLE MENDIOLA/Documents/GitHub/AlfonzGoingGreen/Content/Cossette/Blueprints/WidgetBlueprint/Win9.uasset" 417
"../../../../../../Users/NIVELLE MENDIOLA/Documents/GitHub/AlfonzGoingGreen/Content/Level/HD-Disneys-Hercules-Action-Game-Soundtrack-Heros-Gauntlet_Cue.uasset" 418
"../../../../../../Users/NIVELLE MENDIOLA/Documents/GitHub/AlfonzGoingGreen/Content/Level/Stage10.umap" 419
"../../../../../../Users/NIVELLE MENDIOLA/Documents/GitHub/AlfonzGoingGreen/Content/Level/Stage11_BuiltData.uasset" 420
"../../../../../../Users/NIVELLE MENDIOLA/Documents/GitHub/AlfonzGoingGreen/Content/Level/labuyo/labuyo2.uasset" 421
"../../../../../../Users/NIVELLE MENDIOLA/Documents/GitHub/AlfonzGoingGreen/Content/Level/labuyo/labuyo2_Mat.uasset" 422
"../../../../../../Users/NIVELLE MENDIOLA/Documents/GitHub/AlfonzGoingGreen/Content/Level/labuyo/labuyo.uasset" 423
"../../../../../../Users/NIVELLE MENDIOLA/Documents/GitHub/AlfonzGoingGreen/Content/Level/labuyo/labuyo_Mat.uasset" 424
"../../../../../../Users/NIVELLE MENDIOLA/Documents/GitHub/AlfonzGoingGreen/Content/Cossette/Blueprints/WidgetBlueprint/LoseStage11.uasset" 425
"../../../../../../Users/NIVELLE MENDIOLA/Documents/GitHub/AlfonzGoingGreen/Content/Cossette/Textures/TIPS/15.uasset" 426
"../../../../../../Users/NIVELLE MENDIOLA/Documents/GitHub/AlfonzGoingGreen/Content/Cossette/Blueprints/WidgetBlueprint/Win11.uasset" 427
"../../../../../../Users/NIVELLE MENDIOLA/Documents/GitHub/AlfonzGoingGreen/Content/Level/Stage11.umap" 428
"../../../../../../Users/NIVELLE MENDIOLA/Documents/GitHub/AlfonzGoingGreen/Content/Level/Stage12_BuiltData.uasset" 429
"../../../../../../Users/NIVELLE MENDIOLA/Documents/GitHub/AlfonzGoingGreen/Content/Level/lorenzotan/lorenzotan2.uasset" 430
"../../../../../../Users/NIVELLE MENDIOLA/Documents/GitHub/AlfonzGoingGreen/Content/Level/lorenzotan/lorenzotan2_Mat.uasset" 431
"../../../../../../Users/NIVELLE MENDIOLA/Documents/GitHub/AlfonzGoingGreen/Content/Level/lorenzotan/lorenzotan.uasset" 432
"../../../../../../Users/NIVELLE MENDIOLA/Documents/GitHub/AlfonzGoingGreen/Content/Level/lorenzotan/lorenzotan_Mat.uasset" 433
"../../../../../../Users/NIVELLE MENDIOLA/Documents/GitHub/AlfonzGoingGreen/Content/Cossette/Blueprints/WidgetBlueprint/LoseStage12.uasset" 434
"../../../../../../Users/NIVELLE MENDIOLA/Documents/GitHub/AlfonzGoingGreen/Content/Cossette/Textures/TIPS/16.uasset" 435
"../../../../../../Users/NIVELLE MENDIOLA/Documents/GitHub/AlfonzGoingGreen/Content/Cossette/Blueprints/WidgetBlueprint/Win12.uasset" 436
"../../../../../../Users/NIVELLE MENDIOLA/Documents/GitHub/AlfonzGoingGreen/Content/Level/Stage12.umap" 437
"../../../../../../Users/NIVELLE MENDIOLA/Documents/GitHub/AlfonzGoingGreen/Content/Level/Stage13_BuiltData.uasset" 438
"../../../../../../Users/NIVELLE MENDIOLA/Documents/GitHub/AlfonzGoingGreen/Content/Level/brgy1/NewMaterial.uasset" 439
"../../../../../../Users/NIVELLE MENDIOLA/Documents/GitHub/AlfonzGoingGreen/Content/Level/maloro/maloro_2.uasset" 440
"../../../../../../Users/NIVELLE MENDIOLA/Documents/GitHub/AlfonzGoingGreen/Content/Level/maloro/maloro_2_Mat.uasset" 441
"../../../../../../Users/NIVELLE MENDIOLA/Documents/GitHub/AlfonzGoingGreen/Content/Level/maloro/maloro.uasset" 442
"../../../../../../Users/NIVELLE MENDIOLA/Documents/GitHub/AlfonzGoingGreen/Content/Level/maloro/maloro_Mat.uasset" 443
"../../../../../../Users/NIVELLE MENDIOLA/Documents/GitHub/AlfonzGoingGreen/Content/Cossette/Blueprints/WidgetBlueprint/LoseStage13.uasset" 444
"../../../../../../Users/NIVELLE MENDIOLA/Documents/GitHub/AlfonzGoingGreen/Content/Cossette/Textures/TIPS/17.uasset" 445
"../../../../../../Users/NIVELLE MENDIOLA/Documents/GitHub/AlfonzGoingGreen/Content/Cossette/Blueprints/WidgetBlueprint/Win13.uasset" 446
"../../../../../../Users/NIVELLE MENDIOLA/Documents/GitHub/AlfonzGoingGreen/Content/Level/Stage13.umap" 447
"../../../../../../Users/NIVELLE MENDIOLA/Documents/GitHub/AlfonzGoingGreen/Content/Level/Stage14_BuiltData.uasset" 448
"../../../../../../Users/NIVELLE MENDIOLA/Documents/GitHub/AlfonzGoingGreen/Content/Level/manga/manga1.uasset" 449
"../../../../../../Users/NIVELLE MENDIOLA/Documents/GitHub/AlfonzGoingGreen/Content/Level/manga/manga1_Mat.uasset" 450
"../../../../../../Users/NIVELLE MENDIOLA/Documents/GitHub/AlfonzGoingGreen/Content/Level/manga/manga_2.uasset" 451
"../../../../../../Users/NIVELLE MENDIOLA/Documents/GitHub/AlfonzGoingGreen/Content/Level/manga/manga_2_Mat.uasset" 452
"../../../../../../Users/NIVELLE MENDIOLA/Documents/GitHub/AlfonzGoingGreen/Content/Cossette/Blueprints/WidgetBlueprint/LoseStage14.uasset" 453
"../../../../../../Users/NIVELLE MENDIOLA/Documents/GitHub/AlfonzGoingGreen/Content/Cossette/Textures/TIPS/18.uasset" 454
"../../../../../../Users/NIVELLE MENDIOLA/Documents/GitHub/AlfonzGoingGreen/Content/Cossette/Blueprints/WidgetBlueprint/Win14.uasset" 455
"../../../../../../Users/NIVELLE MENDIOLA/Documents/GitHub/AlfonzGoingGreen/Content/Level/Stage14.umap" 456
"../../../../../../Users/NIVELLE MENDIOLA/Documents/GitHub/AlfonzGoingGreen/Content/Level/Stage15_BuiltData.uasset" 457
"../../../../../../Users/NIVELLE MENDIOLA/Documents/GitHub/AlfonzGoingGreen/Content/Cossette/Blueprints/WidgetBlueprint/LoseStage15.uasset" 458
"../../../../../../Users/NIVELLE MENDIOLA/Documents/GitHub/AlfonzGoingGreen/Content/Cossette/Textures/TIPS/19.uasset" 459
"../../../../../../Users/NIVELLE MENDIOLA/Documents/GitHub/AlfonzGoingGreen/Content/Cossette/Blueprints/WidgetBlueprint/Win15.uasset" 460
"../../../../../../Users/NIVELLE MENDIOLA/Documents/GitHub/AlfonzGoingGreen/Content/Level/Stage15.umap" 461
"../../../../../../Users/NIVELLE MENDIOLA/Documents/GitHub/AlfonzGoingGreen/Content/Level/Stage16_BuiltData.uasset" 462
"../../../../../../Users/NIVELLE MENDIOLA/Documents/GitHub/AlfonzGoingGreen/Content/Cossette/Blueprints/WidgetBlueprint/LoseStage16.uasset" 463
"../../../../../../Users/NIVELLE MENDIOLA/Documents/GitHub/AlfonzGoingGreen/Content/Cossette/Textures/TIPS/21.uasset" 464
"../../../../../../Users/NIVELLE MENDIOLA/Documents/GitHub/AlfonzGoingGreen/Content/Cossette/Blueprints/WidgetBlueprint/Win16.uasset" 465
"../../../../../../Users/NIVELLE MENDIOLA/Documents/GitHub/AlfonzGoingGreen/Content/Level/Stage16.umap" 466
"../../../../../../Users/NIVELLE MENDIOLA/Documents/GitHub/AlfonzGoingGreen/Content/Level/Stage17_BuiltData.uasset" 467
"../../../../../../Users/NIVELLE MENDIOLA/Documents/GitHub/AlfonzGoingGreen/Content/Level/migkanaway/migkanaway1.uasset" 468
"../../../../../../Users/NIVELLE MENDIOLA/Documents/GitHub/AlfonzGoingGreen/Content/Level/migkanaway/migkanaway1_Mat.uasset" 469
"../../../../../../Users/NIVELLE MENDIOLA/Documents/GitHub/AlfonzGoingGreen/Content/Level/migkanaway/migkanaway2.uasset" 470
"../../../../../../Users/NIVELLE MENDIOLA/Documents/GitHub/AlfonzGoingGreen/Content/Level/migkanaway/migkanaway2_Mat.uasset" 471
"../../../../../../Users/NIVELLE MENDIOLA/Documents/GitHub/AlfonzGoingGreen/Content/Cossette/Blueprints/WidgetBlueprint/LoseStage17.uasset" 472
"../../../../../../Users/NIVELLE MENDIOLA/Documents/GitHub/AlfonzGoingGreen/Content/Cossette/Textures/TIPS/22.uasset" 473
"../../../../../../Users/NIVELLE MENDIOLA/Documents/GitHub/AlfonzGoingGreen/Content/Cossette/Blueprints/WidgetBlueprint/Win17.uasset" 474
"../../../../../../Users/NIVELLE MENDIOLA/Documents/GitHub/AlfonzGoingGreen/Content/Level/Stage17.umap" 475
"../../../../../../Users/NIVELLE MENDIOLA/Documents/GitHub/AlfonzGoingGreen/Content/Level/Stage18_BuiltData.uasset" 476
"../../../../../../Users/NIVELLE MENDIOLA/Documents/GitHub/AlfonzGoingGreen/Content/Level/brgy1/city_2.uasset" 477
"../../../../../../Users/NIVELLE MENDIOLA/Documents/GitHub/AlfonzGoingGreen/Content/Level/brgy1/city_2_Mat.uasset" 478
"../../../../../../Users/NIVELLE MENDIOLA/Documents/GitHub/AlfonzGoingGreen/Content/Level/minsumbong/minsombong1.uasset" 479
"../../../../../../Users/NIVELLE MENDIOLA/Documents/GitHub/AlfonzGoingGreen/Content/Level/minsumbong/minsombong1_Mat.uasset" 480
"../../../../../../Users/NIVELLE MENDIOLA/Documents/GitHub/AlfonzGoingGreen/Content/Level/minsumbong/minsombong2.uasset" 481
"../../../../../../Users/NIVELLE MENDIOLA/Documents/GitHub/AlfonzGoingGreen/Content/Level/minsumbong/minsombong2_Mat.uasset" 482
"../../../../../../Users/NIVELLE MENDIOLA/Documents/GitHub/AlfonzGoingGreen/Content/Cossette/Blueprints/WidgetBlueprint/LoseStage18.uasset" 483
"../../../../../../Users/NIVELLE MENDIOLA/Documents/GitHub/AlfonzGoingGreen/Content/Cossette/Textures/TIPS/23.uasset" 484
"../../../../../../Users/NIVELLE MENDIOLA/Documents/GitHub/AlfonzGoingGreen/Content/Cossette/Blueprints/WidgetBlueprint/Win18.uasset" 485
"../../../../../../Users/NIVELLE MENDIOLA/Documents/GitHub/AlfonzGoingGreen/Content/Level/Stage18.umap" 486
"../../../../../../Users/NIVELLE MENDIOLA/Documents/GitHub/AlfonzGoingGreen/Content/Level/Stage19_BuiltData.uasset" 487
"../../../../../../Users/NIVELLE MENDIOLA/Documents/GitHub/AlfonzGoingGreen/Content/Cossette/Blueprints/WidgetBlueprint/LoseStage19.uasset" 488
"../../../../../../Users/NIVELLE MENDIOLA/Documents/GitHub/AlfonzGoingGreen/Content/Cossette/Textures/TIPS/24.uasset" 489
"../../../../../../Users/NIVELLE MENDIOLA/Documents/GitHub/AlfonzGoingGreen/Content/Cossette/Blueprints/WidgetBlueprint/Win19.uasset" 490
"../../../../../../Users/NIVELLE MENDIOLA/Documents/GitHub/AlfonzGoingGreen/Content/Level/Stage19.umap" 491
"../../../../../../Users/NIVELLE MENDIOLA/Documents/GitHub/AlfonzGoingGreen/Content/Level/Stage2_BuiltData.uasset" 492
"../../../../../../Users/NIVELLE MENDIOLA/Documents/GitHub/AlfonzGoingGreen/Content/Level/brgy1/city.uasset" 493
"../../../../../../Users/NIVELLE MENDIOLA/Documents/GitHub/AlfonzGoingGreen/Content/Level/brgy1/city_Mat.uasset" 494
"../../../../../../Users/NIVELLE MENDIOLA/Documents/GitHub/AlfonzGoingGreen/Content/Cossette/Blueprints/WidgetBlueprint/LoseStage2.uasset" 495
"../../../../../../Users/NIVELLE MENDIOLA/Documents/GitHub/AlfonzGoingGreen/Content/Cossette/Textures/winANBARANGA/win_2.uasset" 496
"../../../../../../Users/NIVELLE MENDIOLA/Documents/GitHub/AlfonzGoingGreen/Content/Cossette/Blueprints/WidgetBlueprint/Win2.uasset" 497
"../../../../../../Users/NIVELLE MENDIOLA/Documents/GitHub/AlfonzGoingGreen/Content/Level/Stage2.umap" 498
"../../../../../../Users/NIVELLE MENDIOLA/Documents/GitHub/AlfonzGoingGreen/Content/Level/Stage20_BuiltData.uasset" 499
"../../../../../../Users/NIVELLE MENDIOLA/Documents/GitHub/AlfonzGoingGreen/Content/Level/brgy1/NewMaterial1.uasset" 500
"../../../../../../Users/NIVELLE MENDIOLA/Documents/GitHub/AlfonzGoingGreen/Content/Level/sanapolinario/sanapolinaryo1.uasset" 501
"../../../../../../Users/NIVELLE MENDIOLA/Documents/GitHub/AlfonzGoingGreen/Content/Level/sanapolinario/sanapolinaryo1_Mat.uasset" 502
"../../../../../../Users/NIVELLE MENDIOLA/Documents/GitHub/AlfonzGoingGreen/Content/Level/sanapolinario/sanapolinaryo2.uasset" 503
"../../../../../../Users/NIVELLE MENDIOLA/Documents/GitHub/AlfonzGoingGreen/Content/Level/sanapolinario/sanapolinaryo2_Mat.uasset" 504
"../../../../../../Users/NIVELLE MENDIOLA/Documents/GitHub/AlfonzGoingGreen/Content/Cossette/Blueprints/WidgetBlueprint/LoseStage20.uasset" 505
"../../../../../../Users/NIVELLE MENDIOLA/Documents/GitHub/AlfonzGoingGreen/Content/Cossette/Textures/TIPS/25.uasset" 506
"../../../../../../Users/NIVELLE MENDIOLA/Documents/GitHub/AlfonzGoingGreen/Content/Cossette/Blueprints/WidgetBlueprint/Win20.uasset" 507
"../../../../../../Users/NIVELLE MENDIOLA/Documents/GitHub/AlfonzGoingGreen/Content/Level/Stage20.umap" 508
"../../../../../../Users/NIVELLE MENDIOLA/Documents/GitHub/AlfonzGoingGreen/Content/Level/Stage21_BuiltData.uasset" 509
"../../../../../../Users/NIVELLE MENDIOLA/Documents/GitHub/AlfonzGoingGreen/Content/Level/santacruz/santacruz1.uasset" 510
"../../../../../../Users/NIVELLE MENDIOLA/Documents/GitHub/AlfonzGoingGreen/Content/Level/santacruz/santacruz1_Mat.uasset" 511
"../../../../../../Users/NIVELLE MENDIOLA/Documents/GitHub/AlfonzGoingGreen/Content/Level/santacruz/santacruz2.uasset" 512
"../../../../../../Users/NIVELLE MENDIOLA/Documents/GitHub/AlfonzGoingGreen/Content/Level/santacruz/santacruz2_Mat.uasset" 513
"../../../../../../Users/NIVELLE MENDIOLA/Documents/GitHub/AlfonzGoingGreen/Content/Cossette/Blueprints/WidgetBlueprint/LoseStage21.uasset" 514
"../../../../../../Users/NIVELLE MENDIOLA/Documents/GitHub/AlfonzGoingGreen/Content/Cossette/Textures/winANBARANGA/win_5.uasset" 515
"../../../../../../Users/NIVELLE MENDIOLA/Documents/GitHub/AlfonzGoingGreen/Content/Cossette/Blueprints/WidgetBlueprint/Win5.uasset" 516
"../../../../../../Users/NIVELLE MENDIOLA/Documents/GitHub/AlfonzGoingGreen/Content/Level/Stage21.umap" 517
"../../../../../../Users/NIVELLE MENDIOLA/Documents/GitHub/AlfonzGoingGreen/Content/Level/Stage22_BuiltData.uasset" 518
"../../../../../../Users/NIVELLE MENDIOLA/Documents/GitHub/AlfonzGoingGreen/Content/Cossette/Textures/winANBARANGA/win_6.uasset" 519
"../../../../../../Users/NIVELLE MENDIOLA/Documents/GitHub/AlfonzGoingGreen/Content/Cossette/Blueprints/WidgetBlueprint/Win6.uasset" 520
"../../../../../../Users/NIVELLE MENDIOLA/Documents/GitHub/AlfonzGoingGreen/Content/Level/Stage22.umap" 521
"../../../../../../Users/NIVELLE MENDIOLA/Documents/GitHub/AlfonzGoingGreen/Content/Level/silanga/silanga1.uasset" 522
"../../../../../../Users/NIVELLE MENDIOLA/Documents/GitHub/AlfonzGoingGreen/Content/Level/silanga/silanga1_Mat.uasset" 523
"../../../../../../Users/NIVELLE MENDIOLA/Documents/GitHub/AlfonzGoingGreen/Content/Level/silanga/silanga2.uasset" 524
"../../../../../../Users/NIVELLE MENDIOLA/Documents/GitHub/AlfonzGoingGreen/Content/Level/silanga/silanga2_Mat.uasset" 525
"../../../../../../Users/NIVELLE MENDIOLA/Documents/GitHub/AlfonzGoingGreen/Content/Cossette/Blueprints/WidgetBlueprint/LoseStage23.uasset" 526
"../../../../../../Users/NIVELLE MENDIOLA/Documents/GitHub/AlfonzGoingGreen/Content/Cossette/Textures/winANBARANGA/win_7.uasset" 527
"../../../../../../Users/NIVELLE MENDIOLA/Documents/GitHub/AlfonzGoingGreen/Content/Cossette/Blueprints/WidgetBlueprint/Win7.uasset" 528
"../../../../../../Users/NIVELLE MENDIOLA/Documents/GitHub/AlfonzGoingGreen/Content/Level/Stage23.umap" 529
"../../../../../../Users/NIVELLE MENDIOLA/Documents/GitHub/AlfonzGoingGreen/Content/Level/Stage24_BuiltData.uasset" 530
"../../../../../../Users/NIVELLE MENDIOLA/Documents/GitHub/AlfonzGoingGreen/Content/Cossette/Blueprints/WidgetBlueprint/LoseStage24.uasset" 531
"../../../../../../Users/NIVELLE MENDIOLA/Documents/GitHub/AlfonzGoingGreen/Content/Cossette/Textures/winANBARANGA/win_8.uasset" 532
"../../../../../../Users/NIVELLE MENDIOLA/Documents/GitHub/AlfonzGoingGreen/Content/Cossette/Blueprints/WidgetBlueprint/Win8.uasset" 533
"../../../../../../Users/NIVELLE MENDIOLA/Documents/GitHub/AlfonzGoingGreen/Content/Level/Stage24.umap" 534
"../../../../../../Users/NIVELLE MENDIOLA/Documents/GitHub/AlfonzGoingGreen/Content/Level/Stage25_BuiltData.uasset" 535
"../../../../../../Users/NIVELLE MENDIOLA/Documents/GitHub/AlfonzGoingGreen/Content/Level/brgy1/mountain2.uasset" 536
"../../../../../../Users/NIVELLE MENDIOLA/Documents/GitHub/AlfonzGoingGreen/Content/Level/brgy1/mountain2_Mat.uasset" 537
"../../../../../../Users/NIVELLE MENDIOLA/Documents/GitHub/AlfonzGoingGreen/Content/Level/brgy1/mountain.uasset" 538
"../../../../../../Users/NIVELLE MENDIOLA/Documents/GitHub/AlfonzGoingGreen/Content/Level/brgy1/mountain_Mat.uasset" 539
"../../../../../../Users/NIVELLE MENDIOLA/Documents/GitHub/AlfonzGoingGreen/Content/Level/congrats.uasset" 540
"../../../../../../Users/NIVELLE MENDIOLA/Documents/GitHub/AlfonzGoingGreen/Content/Cossette/Blueprints/WidgetBlueprint/congrats.uasset" 541
"../../../../../../Users/NIVELLE MENDIOLA/Documents/GitHub/AlfonzGoingGreen/Content/Cossette/Blueprints/WidgetBlueprint/LoseStage25.uasset" 542
"../../../../../../Users/NIVELLE MENDIOLA/Documents/GitHub/AlfonzGoingGreen/Content/Level/Stage25.umap" 543
"../../../../../../Users/NIVELLE MENDIOLA/Documents/GitHub/AlfonzGoingGreen/Content/Level/Stage3_BuiltData.uasset" 544
"../../../../../../Users/NIVELLE MENDIOLA/Documents/GitHub/AlfonzGoingGreen/Content/Cossette/Blueprints/WidgetBlueprint/LoseStage3.uasset" 545
"../../../../../../Users/NIVELLE MENDIOLA/Documents/GitHub/AlfonzGoingGreen/Content/Cossette/Textures/winANBARANGA/win_3.uasset" 546
"../../../../../../Users/NIVELLE MENDIOLA/Documents/GitHub/AlfonzGoingGreen/Content/Cossette/Blueprints/WidgetBlueprint/Win3.uasset" 547
"../../../../../../Users/NIVELLE MENDIOLA/Documents/GitHub/AlfonzGoingGreen/Content/Level/Stage3.umap" 548
"../../../../../../Users/NIVELLE MENDIOLA/Documents/GitHub/AlfonzGoingGreen/Content/Level/Stage4_BuiltData.uasset" 549
"../../../../../../Users/NIVELLE MENDIOLA/Documents/GitHub/AlfonzGoingGreen/Content/Cossette/Blueprints/WidgetBlueprint/LoseStage4.uasset" 550
"../../../../../../Users/NIVELLE MENDIOLA/Documents/GitHub/AlfonzGoingGreen/Content/Cossette/Textures/winANBARANGA/win_4.uasset" 551
"../../../../../../Users/NIVELLE MENDIOLA/Documents/GitHub/AlfonzGoingGreen/Content/Cossette/Blueprints/WidgetBlueprint/Win4.uasset" 552
"../../../../../../Users/NIVELLE MENDIOLA/Documents/GitHub/AlfonzGoingGreen/Content/Level/Stage4.umap" 553
"../../../../../../Users/NIVELLE MENDIOLA/Documents/GitHub/AlfonzGoingGreen/Content/Level/Stage5_BuiltData.uasset" 554
"../../../../../../Users/NIVELLE MENDIOLA/Documents/GitHub/AlfonzGoingGreen/Content/Cossette/Blueprints/WidgetBlueprint/LoseStage5.uasset" 555
"../../../../../../Users/NIVELLE MENDIOLA/Documents/GitHub/AlfonzGoingGreen/Content/Level/Stage5.umap" 556
"../../../../../../Users/NIVELLE MENDIOLA/Documents/GitHub/AlfonzGoingGreen/Content/Level/Stage6_BuiltData.uasset" 557
"../../../../../../Users/NIVELLE MENDIOLA/Documents/GitHub/AlfonzGoingGreen/Content/Cossette/Blueprints/WidgetBlueprint/LoseStage6.uasset" 558
"../../../../../../Users/NIVELLE MENDIOLA/Documents/GitHub/AlfonzGoingGreen/Content/Level/Stage6.umap" 559
"../../../../../../Users/NIVELLE MENDIOLA/Documents/GitHub/AlfonzGoingGreen/Content/Level/Stage7_BuiltData.uasset" 560
"../../../../../../Users/NIVELLE MENDIOLA/Documents/GitHub/AlfonzGoingGreen/Content/Cossette/Blueprints/WidgetBlueprint/LoseStage7.uasset" 561
"../../../../../../Users/NIVELLE MENDIOLA/Documents/GitHub/AlfonzGoingGreen/Content/Level/Stage7.umap" 562
"../../../../../../Users/NIVELLE MENDIOLA/Documents/GitHub/AlfonzGoingGreen/Content/Level/Stage8_BuiltData.uasset" 563
"../../../../../../Users/NIVELLE MENDIOLA/Documents/GitHub/AlfonzGoingGreen/Content/Cossette/Blueprints/WidgetBlueprint/LoseStage8.uasset" 564
"../../../../../../Users/NIVELLE MENDIOLA/Documents/GitHub/AlfonzGoingGreen/Content/Level/Stage8.umap" 565
"../../../../../../Users/NIVELLE MENDIOLA/Documents/GitHub/AlfonzGoingGreen/Content/Level/Stage9_BuiltData.uasset" 566
"../../../../../../Users/NIVELLE MENDIOLA/Documents/GitHub/AlfonzGoingGreen/Content/Cossette/Blueprints/WidgetBlueprint/LoseStage9.uasset" 567
"../../../../../../Users/NIVELLE MENDIOLA/Documents/GitHub/AlfonzGoingGreen/Content/Level/Stage9.umap" 568
"../../../Engine/Content/Maps/Entry.umap" 569
