"../../../../../../Users/NIVELLE MENDIOLA/Documents/GitHub/AlfonzGoingGreen/Content/Characters/MainChar/Texture/MainCharacter_Character_BaseColor.uasset" 0
"../../../../../../Users/NIVELLE MENDIOLA/Documents/GitHub/AlfonzGoingGreen/Content/Characters/MainChar/Texture/MainCharacter_Character_Normal.uasset" 1
"../../../../../../Users/NIVELLE MENDIOLA/Documents/GitHub/AlfonzGoingGreen/Content/Characters/MainChar/Texture/MainCharacter_Character_OcclusionRoughnessMetallic.uasset" 2
"../../../../../../Users/NIVELLE MENDIOLA/Documents/GitHub/AlfonzGoingGreen/Content/Characters/MainChar/Materials/Character.uasset" 3
"../../../../../../Users/NIVELLE MENDIOLA/Documents/GitHub/AlfonzGoingGreen/Content/Characters/MainChar/Texture/MainCharacter_Ear_BaseColor.uasset" 4
"../../../../../../Users/NIVELLE MENDIOLA/Documents/GitHub/AlfonzGoingGreen/Content/Characters/MainChar/Texture/MainCharacter_Ear_Normal.uasset" 5
"../../../../../../Users/NIVELLE MENDIOLA/Documents/GitHub/AlfonzGoingGreen/Content/Characters/MainChar/Texture/MainCharacter_Ear_OcclusionRoughnessMetallic.uasset" 6
"../../../../../../Users/NIVELLE MENDIOLA/Documents/GitHub/AlfonzGoingGreen/Content/Characters/MainChar/Materials/Ear.uasset" 7
"../../../../../../Users/NIVELLE MENDIOLA/Documents/GitHub/AlfonzGoingGreen/Content/Characters/MainChar/Texture/MainCharacter_G_BaseColor.uasset" 8
"../../../../../../Users/NIVELLE MENDIOLA/Documents/GitHub/AlfonzGoingGreen/Content/Characters/MainChar/Texture/MainCharacter_G_Normal.uasset" 9
"../../../../../../Users/NIVELLE MENDIOLA/Documents/GitHub/AlfonzGoingGreen/Content/Characters/MainChar/Texture/MainCharacter_G_OcclusionRoughnessMetallic.uasset" 10
"../../../../../../Users/NIVELLE MENDIOLA/Documents/GitHub/AlfonzGoingGreen/Content/Characters/MainChar/Materials/G.uasset" 11
"../../../../../../Users/NIVELLE MENDIOLA/Documents/GitHub/AlfonzGoingGreen/Content/Characters/MainChar/Materials/GLOGO.uasset" 12
"../../../../../../Users/NIVELLE MENDIOLA/Documents/GitHub/AlfonzGoingGreen/Content/Cossette/Textures/LASTGAMEOVER.uasset" 13
"../../../../../../Users/NIVELLE MENDIOLA/Documents/GitHub/AlfonzGoingGreen/Content/Cossette/Textures/quitgame.uasset" 14
"../../../../../../Users/NIVELLE MENDIOLA/Documents/GitHub/AlfonzGoingGreen/Content/Cossette/Textures/Untitled-1.uasset" 15
"../../../../../../Users/NIVELLE MENDIOLA/Documents/GitHub/AlfonzGoingGreen/Content/Cossette/Blueprints/WidgetBlueprint/LoseStage1.uasset" 16
"../../../Engine/Content/Functions/Engine_MaterialFunctions01/Opacity/CameraDepthFade.uasset" 17
"../../../Engine/Content/EngineMaterials/T_Default_Material_Grid_M.uasset" 18
"../../../Engine/Content/EngineMaterials/T_Default_Material_Grid_N.uasset" 19
"../../../Engine/Content/EngineMaterials/DefaultMaterial.uasset" 20
"../../../Engine/Content/BasicShapes/Cone.uasset" 21
"../../../Engine/Content/BasicShapes/Cylinder.uasset" 22
"../../../Engine/Content/EngineMaterials/WorldGridMaterial.uasset" 23
"../../../Engine/Content/BasicShapes/Plane.uasset" 24
"../../../Engine/Content/BasicShapes/Sphere.uasset" 25
"../../../Engine/Content/EditorLandscapeResources/DataLayer.uasset" 26
"../../../Engine/Content/EditorMaterials/GizmoMaterial.uasset" 27
"../../../Engine/Content/EditorMaterials/MAT_Groups_Toggle.uasset" 28
"../../../Engine/Content/EditorMaterials/MAT_Groups_Visibility.uasset" 29
"../../../Engine/Content/EditorMaterials/PreviewShadowIndicator.uasset" 30
"../../../Engine/Content/EditorMaterials/PreviewShadowIndicatorMaterial.uasset" 31
"../../../Engine/Content/EditorMaterials/MatineeGroups/MAT_ColorTrack.uasset" 32
"../../../Engine/Content/EditorMaterials/MatineeGroups/MAT_Groups_Anim.uasset" 33
"../../../Engine/Content/EditorMaterials/MatineeGroups/MAT_Groups_AudioMaster.uasset" 34
"../../../Engine/Content/EditorMaterials/MatineeGroups/MAT_Groups_Director.uasset" 35
"../../../Engine/Content/EditorMaterials/MatineeGroups/MAT_Groups_Event.uasset" 36
"../../../Engine/Content/EditorMaterials/MatineeGroups/MAT_Groups_Fade.uasset" 37
"../../../Engine/Content/EditorMaterials/MatineeGroups/MAT_Groups_Float.uasset" 38
"../../../Engine/Content/EditorMaterials/MatineeGroups/MAT_Groups_Move.uasset" 39
"../../../Engine/Content/EditorMaterials/MatineeGroups/MAT_Groups_Slomo.uasset" 40
"../../../Engine/Content/EditorMaterials/MatineeGroups/MAT_Groups_Sound.uasset" 41
"../../../Engine/Content/EditorMaterials/MatineeGroups/MAT_Groups_Vector.uasset" 42
"../../../Engine/Content/EditorMaterials/ParticleSystems/PSysThumbnail_NoImage.uasset" 43
"../../../Engine/Content/EditorMaterials/ParticleSystems/PSysThumbnail_OOD.uasset" 44
"../../../Engine/Content/EditorMaterials/Camera/CineMat.uasset" 45
"../../../Engine/Content/EditorMaterials/Camera/MI_CineMat_Rig.uasset" 46
"../../../Engine/Content/EditorMeshes/Camera/SM_CraneRig_Arm.uasset" 47
"../../../Engine/Content/EditorMeshes/Camera/SM_CraneRig_Base.uasset" 48
"../../../Engine/Content/EditorMeshes/Camera/SM_CraneRig_Body.uasset" 49
"../../../Engine/Content/EditorMeshes/Camera/SM_CraneRig_Mount.uasset" 50
"../../../Engine/Content/EditorMeshes/Camera/SM_RailRig_Mount.uasset" 51
"../../../Engine/Content/EditorMeshes/Camera/SM_RailRig_Track.uasset" 52
"../../../Engine/Content/EditorMeshes/ColorCalibrator/M_ChromeBall.uasset" 53
"../../../Engine/Content/EditorMeshes/ColorCalibrator/M_ClearCoat.uasset" 54
"../../../Engine/Content/EditorMeshes/ColorCalibrator/M_ClearCoatBlack.uasset" 55
"../../../Engine/Content/EditorMeshes/ColorCalibrator/Color_checker.uasset" 56
"../../../Engine/Content/EditorMeshes/ColorCalibrator/M_ColorGrid.uasset" 57
"../../../Engine/Content/EditorMeshes/ColorCalibrator/M_GreyBall.uasset" 58
"../../../Engine/Content/EditorMeshes/ColorCalibrator/SM_ColorCalibrator.uasset" 59
"../../../Engine/Content/EditorResources/BSPVertex.uasset" 60
"../../../Engine/Content/EditorResources/EmptyActor.uasset" 61
"../../../Engine/Content/EditorResources/S_Actor.uasset" 62
"../../../Engine/Content/EditorResources/S_Trigger.uasset" 63
"../../../Engine/Content/EditorResources/LightIcons/S_LightError.uasset" 64
"../../../Engine/Content/EditorResources/SequenceRecorder/Countdown.uasset" 65
"../../../Engine/Content/EditorResources/SequenceRecorder/RecordingIndicator.uasset" 66
"../../../Engine/Content/EditorSounds/Notifications/CompileFailed.uasset" 67
"../../../Engine/Content/EditorSounds/Notifications/CompileFailed_Cue.uasset" 68
"../../../Engine/Content/EditorSounds/Notifications/CompileSuccess.uasset" 69
"../../../Engine/Content/EditorSounds/Notifications/CompileStart_Cue.uasset" 70
"../../../Engine/Content/EditorSounds/Notifications/CompileSuccess_Cue.uasset" 71
"../../../Engine/Content/EngineDamageTypes/DmgTypeBP_Environmental.uasset" 72
"../../../Engine/Content/EngineDebugMaterials/HeatmapGradient.uasset" 73
"../../../Engine/Content/EngineDebugMaterials/BoneWeightMaterial.uasset" 74
"../../../Engine/Content/EngineDebugMaterials/ClothMaterial.uasset" 75
"../../../Engine/Content/EngineDebugMaterials/ClothMaterial_WF.uasset" 76
"../../../Engine/Content/EngineDebugMaterials/DebugEditorMaterial.uasset" 77
"../../../Engine/Content/EngineDebugMaterials/DebugMeshMaterial.uasset" 78
"../../../Engine/Content/EngineDebugMaterials/GeomMaterial.uasset" 79
"../../../Engine/Content/EngineFonts/Faces/RobotoBold.uasset" 80
"../../../Engine/Content/EngineFonts/Faces/RobotoBoldItalic.uasset" 81
"../../../Engine/Content/EngineFonts/Faces/RobotoItalic.uasset" 82
"../../../Engine/Content/EngineFonts/Faces/RobotoLight.uasset" 83
"../../../Engine/Content/EngineFonts/Faces/RobotoRegular.uasset" 84
"../../../Engine/Content/EngineFonts/Roboto.uasset" 85
"../../../Engine/Content/EngineFonts/Faces/RobotoTiny.uasset" 86
"../../../Engine/Content/EngineFonts/RobotoTiny.uasset" 87
"../../../Engine/Content/EngineMaterials/DefaultBloomKernel.uasset" 88
"../../../Engine/Content/EngineMaterials/DefaultBokeh.uasset" 89
"../../../Engine/Content/EngineMaterials/DefaultDiffuse.uasset" 90
"../../../Engine/Content/EngineMaterials/DefaultDeferredDecalMaterial.uasset" 91
"../../../Engine/Content/EngineMaterials/DefaultLightFunctionMaterial.uasset" 92
"../../../Engine/Content/EngineMaterials/DefaultPhysicalMaterial.uasset" 93
"../../../Engine/Content/Functions/Engine_MaterialFunctions02/Utility/BreakOutFloat2Components.uasset" 94
"../../../Engine/Content/EngineMaterials/DefaultPostProcessMaterial.uasset" 95
"../../../Engine/Content/EngineFonts/RobotoDistanceField.uasset" 96
"../../../Engine/Content/EngineMaterials/DefaultTextMaterialOpaque.uasset" 97
"../../../Engine/Content/EngineMaterials/DefaultWhiteGrid.uasset" 98
"../../../Engine/Content/EngineMaterials/EditorBrushMaterial.uasset" 99
"../../../Engine/Content/EngineMaterials/Good64x64TilingNoiseHighFreq.uasset" 100
"../../../Engine/Content/EngineMaterials/MiniFont.uasset" 101
"../../../Engine/Content/EngineMaterials/InvalidLightmapSettings.uasset" 102
"../../../Engine/Content/EngineMaterials/M_InvalidLightmapSettings.uasset" 103
"../../../Engine/Content/Functions/Engine_MaterialFunctions02/WorldPositionOffset/CameraOffset.uasset" 104
"../../../Engine/Content/EngineMaterials/PhAT_JointLimitMaterial.uasset" 105
"../../../Engine/Content/EngineMaterials/PreintegratedSkinBRDF.uasset" 106
"../../../Engine/Content/EngineMaterials/RemoveSurfaceMaterial.uasset" 107
"../../../Engine/Content/EngineMaterials/WeightMapPlaceholderTexture.uasset" 108
"../../../Engine/Content/EngineResources/WhiteSquareTexture.uasset" 109
"../../../Engine/Content/EngineMaterials/Widget3DPassThrough.uasset" 110
"../../../Engine/Content/EngineMaterials/Widget3DPassThrough_Masked.uasset" 111
"../../../Engine/Content/EngineMaterials/Widget3DPassThrough_Opaque.uasset" 112
"../../../Engine/Content/EngineMaterials/Widget3DPassThrough_Masked_OneSided.uasset" 113
"../../../Engine/Content/EngineMaterials/Widget3DPassThrough_Opaque_OneSided.uasset" 114
"../../../Engine/Content/EngineMaterials/Widget3DPassThrough_Translucent.uasset" 115
"../../../Engine/Content/EngineMaterials/Widget3DPassThrough_Translucent_OneSided.uasset" 116
"../../../Engine/Content/EngineMeshes/Cube.uasset" 117
"../../../Engine/Content/EngineMeshes/Cylinder.uasset" 118
"../../../Engine/Content/EngineMeshes/Sphere.uasset" 119
"../../../Engine/Content/EngineResources/Black.uasset" 120
"../../../Engine/Content/EngineResources/DefaultTexture.uasset" 121
"../../../Engine/Content/EngineResources/DefaultTextureCube.uasset" 122
"../../../Engine/Content/EngineResources/GradientTexture0.uasset" 123
"../../../Engine/Content/EngineSounds/Master.uasset" 124
"../../../Engine/Content/Functions/Engine_MaterialFunctions01/Shading/ConvertFromDiffSpec.uasset" 125
"../../../Engine/Content/Functions/Engine_MaterialFunctions01/Shading/PowerToRoughness.uasset" 126
"../../../Engine/Content/Maps/Templates/Thumbnails/Default.uasset" 127
"../../../Engine/Content/Maps/Templates/Thumbnails/VR-Basic.uasset" 128
"../../../Engine/Content/MobileResources/T_MobileControls_texture.uasset" 129
"../../../Engine/Content/MobileResources/T_MobileMenu2.uasset" 130
"../../../Engine/Content/MobileResources/HUD/AnalogHat.uasset" 131
"../../../Engine/Content/MobileResources/HUD/VirtualJoystick_Background.uasset" 132
"../../../Engine/Content/MobileResources/HUD/VirtualJoystick_Thumb.uasset" 133
"../../../Engine/Content/MobileResources/HUD/DefaultVirtualJoysticks.uasset" 134
"../../../Engine/Content/MobileResources/HUD/LeftVirtualJoystickOnly.uasset" 135
"../../../Engine/Content/MobileResources/HUD/MobileHUDButton1_off.uasset" 136
"../../../Engine/Content/MobileResources/HUD/MobileHUDButton1_on.uasset" 137
"../../../Engine/Content/MobileResources/HUD/MobileHUDButton2_off.uasset" 138
"../../../Engine/Content/MobileResources/HUD/MobileHUDButton2_on.uasset" 139
"../../../Engine/Content/MobileResources/HUD/MobileHUDButton3.uasset" 140
"../../../Engine/Content/MobileResources/HUD/MobileHUDButtonFire.uasset" 141
"../../../Engine/Content/MobileResources/HUD/MobileHUDDirectionPad.uasset" 142
"../../../Engine/Content/MobileResources/HUD/MobileHUDDirectionPad2.uasset" 143
"../../../Engine/Content/MobileResources/HUD/MobileHUDDirectionPad3.uasset" 144
"../../../Engine/Content/MobileResources/HUD/MobileHUDDirectionStick.uasset" 145
"../../../Engine/Content/MobileResources/HUD/T_Castle_ThumbstickInner.uasset" 146
"../../../Engine/Content/MobileResources/HUD/T_Castle_ThumbstickOutter.uasset" 147
"../../../Engine/Content/Tutorial/ContentIntroCurve.uasset" 148
"../../../Engine/Content/Tutorial/Basics/TutorialAssets/icon_tab_Levels_40x.uasset" 149
"../../../Engine/Content/Tutorial/BlueprintTutorials/TutorialAssets/BlueprintInterface_64x.uasset" 150
"../../../Engine/Content/Tutorial/BlueprintTutorials/TutorialAssets/BlueprintMacroLibrary_64x.uasset" 151
"../../../Engine/Content/Tutorial/BlueprintTutorials/TutorialAssets/Blueprint_64x.uasset" 152
"../../../Engine/Content/Tutorial/BlueprintTutorials/TutorialAssets/Tutorial_BP_Interface.uasset" 153
"../../../Engine/Content/Tutorial/Foliage/TutorialAssets/Foliage.uasset" 154
"../../../Engine/Content/Tutorial/Landscape/TutorialAssets/Landscape.uasset" 155
"../../../Engine/Content/Tutorial/Mobile/TutorialAssets/android_Icon.uasset" 156
"../../../Engine/Content/Tutorial/Paper2D/TutorialAssets/Paper2DFlipbook_TutorialIcon.uasset" 157
"../../../Engine/Content/Tutorial/Paper2D/TutorialAssets/Paper2DSprite_TutorialIcon.uasset" 158
"../../../Engine/Content/Tutorial/SubEditors/TutorialAssets/icon_Editor_Preferences_General_40x.uasset" 159
"../../../Engine/Content/Tutorial/SubEditors/TutorialAssets/icon_ShowSkeletalMeshes_40x.uasset" 160
"../../../Engine/Content/Tutorial/SubEditors/TutorialAssets/TutorialMaterial.uasset" 161
"../../../Engine/Content/Tutorial/SubEditors/TutorialAssets/T_SmokeSubUV_8X8.uasset" 162
"../../../Engine/Content/Tutorial/SubEditors/TutorialAssets/T_soft_smoke.uasset" 163
"../../../Engine/Content/Tutorial/SubEditors/TutorialAssets/M_smoke_subUV_blackbody.uasset" 164
"../../../Engine/Content/Tutorial/SubEditors/TutorialAssets/TutorialParticleSystem.uasset" 165
"../../../Engine/Content/VREditor/Devices/Generic/GenericHMDMaterial.uasset" 166
"../../../Engine/Content/VREditor/Devices/Generic/GenericHMD.uasset" 167
"../../../Engine/Content/Functions/Engine_MaterialFunctions02/Utility/BreakOutFloat3Components.uasset" 168
"../../../Engine/Content/VREditor/Devices/Vive/VivePreController_MasksB.uasset" 169
"../../../Engine/Content/VREditor/Devices/Oculus/OculusControllerMaterial.uasset" 170
"../../../Engine/Content/VREditor/Devices/Oculus/OculusControllerMaterial_Inst.uasset" 171
"../../../Engine/Content/VREditor/Devices/Oculus/OculusControllerMesh.uasset" 172
"../../../Engine/Content/VREditor/Devices/Vive/T_VivePreController_EM.uasset" 173
"../../../Engine/Content/VREditor/Devices/Vive/VivePreController_MasksA.uasset" 174
"../../../Engine/Content/VREditor/Devices/Vive/VivePreControllerDiffuse.uasset" 175
"../../../Engine/Content/VREditor/Devices/Vive/VivePreControllerSpec.uasset" 176
"../../../Engine/Content/VREditor/LaserPointer/VR_LaserPower_01.uasset" 177
"../../../Engine/Content/VREditor/Devices/Vive/VivePreControllerMaterial.uasset" 178
"../../../Engine/Content/VREditor/Devices/Vive/VivePreControllerMaterial_Inst.uasset" 179
"../../../Engine/Content/VREditor/Devices/Vive/VivePreControllerMesh.uasset" 180
"../../../Engine/Content/VREditor/FloatingText/LineMaterial.uasset" 181
"../../../Engine/Content/VREditor/FloatingText/JointSphere.uasset" 182
"../../../Engine/Content/VREditor/FloatingText/LineSegmentCylinder.uasset" 183
"../../../Engine/Content/VREditor/Fonts/VRText_RobotoLarge.uasset" 184
"../../../Engine/Content/VREditor/Fonts/VRTextMaterial.uasset" 185
"../../../Engine/Content/VREditor/Fonts/TranslucentVRTextMaterial.uasset" 186
"../../../Engine/Content/VREditor/LaserPointer/CursorPointer.uasset" 187
"../../../Engine/Content/VREditor/TransformGizmo/TransformGizmoMaterial.uasset" 188
"../../../Engine/Content/VREditor/LaserPointer/HoverMaterial.uasset" 189
"../../../Engine/Content/VREditor/TransformGizmo/TranslucentTransformGizmoMaterial.uasset" 190
"../../../Engine/Content/VREditor/LaserPointer/TranslucentHoverMaterial.uasset" 191
"../../../Engine/Content/VREditor/LaserPointer/HoverMesh.uasset" 192
"../../../Engine/Content/VREditor/LaserPointer/LaserPointerMaterial.uasset" 193
"../../../Engine/Content/VREditor/LaserPointer/LaserPointerMaterialInst.uasset" 194
"../../../Engine/Content/VREditor/LaserPointer/TranslucentLaserPointerMaterialInst.uasset" 195
"../../../Engine/Content/VREditor/LaserPointer/LaserPointerMesh.uasset" 196
"../../../Engine/Content/VREditor/LaserPointer/LaserPointerMesh_End.uasset" 197
"../../../Engine/Content/VREditor/LaserPointer/LaserPointerMesh_Start.uasset" 198
"../../../Engine/Content/VREditor/Sounds/VR_teleport.uasset" 199
"../../../Engine/Content/VREditor/Sounds/UI/Click_on_Button.uasset" 200
"../../../Engine/Content/VREditor/Sounds/UI/Click_on_Button_Cue.uasset" 201
"../../../Engine/Content/VREditor/Sounds/UI/Dockable_Window_Close.uasset" 202
"../../../Engine/Content/VREditor/Sounds/UI/Dockable_Window_Drop.uasset" 203
"../../../Engine/Content/VREditor/Sounds/UI/Dockable_Window_Open.uasset" 204
"../../../Engine/Content/VREditor/Sounds/UI/Dockable_Window_Pick_Up.uasset" 205
"../../../Engine/Content/VREditor/Sounds/UI/Drop_Item_From_ContentBrowser.uasset" 206
"../../../Engine/Content/VREditor/Sounds/UI/Floating_UI_Open-001.uasset" 207
"../../../Engine/Content/VREditor/Sounds/UI/Radial_Menu_FadeOut.uasset" 208
"../../../Engine/Content/VREditor/Sounds/UI/Teleport_Mode_Entered.uasset" 209
"../../../Engine/Content/VREditor/Teleport/TeleportDirectionMaterial.uasset" 210
"../../../Engine/Content/VREditor/Teleport/TeleportDirectionMaterial_Inst.uasset" 211
"../../../Engine/Content/VREditor/Teleport/TeleportDirectionMesh.uasset" 212
"../../../Engine/Content/VREditor/TransformGizmo/BoundingBoxCorner.uasset" 213
"../../../Engine/Content/VREditor/TransformGizmo/BoundingBoxEdge.uasset" 214
"../../../Engine/Content/VREditor/TransformGizmo/PlaneTranslationHandle.uasset" 215
"../../../Engine/Content/VREditor/TransformGizmo/Main.uasset" 216
"../../../Engine/Content/VREditor/TransformGizmo/Xray.uasset" 217
"../../../Engine/Content/VREditor/TransformGizmo/SM_Dialog_Close.uasset" 218
"../../../Engine/Content/VREditor/TransformGizmo/SM_Dialog_Move.uasset" 219
"../../../Engine/Content/VREditor/TransformGizmo/SM_Sequencer_Key.uasset" 220
"../../../Engine/Content/VREditor/TransformGizmo/SM_Sequencer_Node.uasset" 221
"../../../Engine/Content/VREditor/TransformGizmo/TransformGizmoMaterial_Inst.uasset" 222
"../../../Engine/Content/VREditor/TransformGizmo/TranslucentTransformGizmoMaterial_Inst.uasset" 223
"../../../Engine/Content/VREditor/Devices/Vive/UE4_Logo.uasset" 224
"../../../Engine/Content/VREditor/UI/M_ContentWindow.uasset" 225
"../../../Engine/Content/VREditor/UI/SM_ContentWindow_01.uasset" 226
"../../../Engine/Content/VREditor/UI/KeyDiskMaterial.uasset" 227
"../../../Engine/Content/VREditor/UI/DiscMaterial.uasset" 228
"../../../Engine/Content/VREditor/UI/SM_Radial_Disk.uasset" 229
"../../../Engine/Content/VREditor/UI/ArrowMaterial.uasset" 230
"../../../Engine/Content/VREditor/UI/SM_Radial_Pointer.uasset" 231
"../../../Engine/Content/Functions/Engine_MaterialFunctions01/Gradient/RadialGradient.uasset" 232
"../../../Engine/Content/VREditor/WorldMovementGrid/SimpleGrid.uasset" 233
"../../../Engine/Content/VREditor/WorldMovementGrid/GridMaterial.uasset" 234
"../../../Engine/Content/Functions/Engine_MaterialFunctions01/Density/ExponentialDensity.uasset" 235
"../../../Engine/Content/VREditor/WorldMovementGrid/GridPostProcess.uasset" 236
"../../../Engine/Content/EditorLandscapeResources/FlattenHeightMat.uasset" 237
"../../../Engine/Content/VREditor/WorldMovementGrid/PlaneMesh.uasset" 238
"../../Plugins/2D/Paper2D/Content/PlaceholderTextures/DummySpriteTexture.uasset" 239
"../../Plugins/2D/Paper2D/Content/DummySprite.uasset" 240
"../../Plugins/2D/Paper2D/Content/DefaultPaperTerrainMaterial.uasset" 241
"../../Plugins/2D/Paper2D/Content/DefaultSpriteMaterial.uasset" 242
"../../Plugins/2D/Paper2D/Content/MaskedUnlitSpriteMaterial.uasset" 243
"../../Plugins/2D/Paper2D/Content/OpaqueUnlitSpriteMaterial.uasset" 244
"../../Plugins/Media/MediaCompositing/Content/DefaultMediaPlaneTexture.uasset" 245
"../../Plugins/Media/MediaCompositing/Content/DefaultMediaPlaneMaterial.uasset" 246
"../../../Engine/Content/Functions/Engine_MaterialFunctions02/Utility/MakeFloat4.uasset" 247
"../../Plugins/Runtime/AppleARKit/Content/ARKitCameraMaterial.uasset" 248
"../../../Engine/Content/EditorBlueprintResources/StandardMacros.uasset" 249
"../../../Engine/Content/EngineSky/C_Sky_Cloud_Color.uasset" 250
"../../../Engine/Content/EngineSky/C_Sky_Horizon_Color.uasset" 251
"../../../Engine/Content/EngineSky/C_Sky_Zenith_Color.uasset" 252
"../../../Engine/Content/EngineSky/T_Sky_Blue.uasset" 253
"../../../Engine/Content/EngineSky/T_Sky_Clouds_M.uasset" 254
"../../../Engine/Content/EngineSky/T_Sky_Stars.uasset" 255
"../../../Engine/Content/EngineSky/M_Sky_Panning_Clouds2.uasset" 256
"../../../Engine/Content/EngineSky/SM_SkySphere.uasset" 257
"../../../Engine/Content/EngineSky/BP_Sky_Sphere.uasset" 258
"../../../../../../Users/NIVELLE MENDIOLA/Documents/GitHub/AlfonzGoingGreen/Content/Cossette/Maps/Level_MainMenuLevel_BuiltData.uasset" 259
"../../../Engine/Content/MapTemplates/SM_Template_Map_Floor.uasset" 260
"../../../../../../Users/NIVELLE MENDIOLA/Documents/GitHub/AlfonzGoingGreen/Content/Cossette/Textures/gamescore.uasset" 261
"../../../../../../Users/NIVELLE MENDIOLA/Documents/GitHub/AlfonzGoingGreen/Content/Cossette/Blueprints/WidgetBlueprint/GameScore.uasset" 262
"../../../../../../Users/NIVELLE MENDIOLA/Documents/GitHub/AlfonzGoingGreen/Content/Cossette/Textures/BRGY_BUTTON.uasset" 263
"../../../../../../Users/NIVELLE MENDIOLA/Documents/GitHub/AlfonzGoingGreen/Content/Level/Aquino/fishpond-area.uasset" 264
"../../../../../../Users/NIVELLE MENDIOLA/Documents/GitHub/AlfonzGoingGreen/Content/Cossette/Blueprints/WidgetBlueprint/WBP_SelectLevelBlueprint.uasset" 265
"../../../../../../Users/NIVELLE MENDIOLA/Documents/GitHub/AlfonzGoingGreen/Content/Cossette/Textures/ARE_U_SURE_TO_QUIT.uasset" 266
"../../../../../../Users/NIVELLE MENDIOLA/Documents/GitHub/AlfonzGoingGreen/Content/Cossette/Textures/no.uasset" 267
"../../../../../../Users/NIVELLE MENDIOLA/Documents/GitHub/AlfonzGoingGreen/Content/Cossette/Textures/yes.uasset" 268
"../../../../../../Users/NIVELLE MENDIOLA/Documents/GitHub/AlfonzGoingGreen/Content/Cossette/Blueprints/WidgetBlueprint/QuitGame.uasset" 269
"../../../../../../Users/NIVELLE MENDIOLA/Documents/GitHub/AlfonzGoingGreen/Content/Cossette/Textures/OFF__1_.uasset" 270
"../../../../../../Users/NIVELLE MENDIOLA/Documents/GitHub/AlfonzGoingGreen/Content/Cossette/Textures/ON.uasset" 271
"../../../../../../Users/NIVELLE MENDIOLA/Documents/GitHub/AlfonzGoingGreen/Content/Cossette/Textures/settings.uasset" 272
"../../../../../../Users/NIVELLE MENDIOLA/Documents/GitHub/AlfonzGoingGreen/Content/Level/Aquino/fishpond-area2.uasset" 273
"../../../../../../Users/NIVELLE MENDIOLA/Documents/GitHub/AlfonzGoingGreen/Content/Cossette/Blueprints/WidgetBlueprint/Settings.uasset" 274
"../../../../../../Users/NIVELLE MENDIOLA/Documents/GitHub/AlfonzGoingGreen/Content/Cossette/Textures/continue.uasset" 275
"../../../../../../Users/NIVELLE MENDIOLA/Documents/GitHub/AlfonzGoingGreen/Content/Cossette/Textures/Main_Menu.uasset" 276
"../../../../../../Users/NIVELLE MENDIOLA/Documents/GitHub/AlfonzGoingGreen/Content/Cossette/Textures/newgame.uasset" 277
"../../../../../../Users/NIVELLE MENDIOLA/Documents/GitHub/AlfonzGoingGreen/Content/Cossette/Blueprints/WidgetBlueprint/WBP_MainMenuWidgetBlueprint.uasset" 278
"../../../../../../Users/NIVELLE MENDIOLA/Documents/GitHub/AlfonzGoingGreen/Content/Cossette/Maps/Level_MainMenuLevel.umap" 279
"../../../../../../Users/NIVELLE MENDIOLA/Documents/GitHub/AlfonzGoingGreen/Content/Characters/Monster/Bottle/BottleIdle_Skeleton.uasset" 280
"../../../../../../Users/NIVELLE MENDIOLA/Documents/GitHub/AlfonzGoingGreen/Content/Characters/Monster/Bottle/Bottle_Attack.uasset" 281
"../../../../../../Users/NIVELLE MENDIOLA/Documents/GitHub/AlfonzGoingGreen/Content/Characters/Monster/Bottle/BottleIdle_Anim.uasset" 282
"../../../../../../Users/NIVELLE MENDIOLA/Documents/GitHub/AlfonzGoingGreen/Content/Characters/MainChar/Main_Char_Rig_Skeleton.uasset" 283
"../../../../../../Users/NIVELLE MENDIOLA/Documents/GitHub/AlfonzGoingGreen/Content/Characters/MainChar/Attack.uasset" 284
"../../../../../../Users/NIVELLE MENDIOLA/Documents/GitHub/AlfonzGoingGreen/Content/Characters/MainChar/Main_Char_RunCycle_Anim.uasset" 285
"../../../../../../Users/NIVELLE MENDIOLA/Documents/GitHub/AlfonzGoingGreen/Content/Characters/MainChar/BP/AnimBs_Alfonz.uasset" 286
"../../../../../../Users/NIVELLE MENDIOLA/Documents/GitHub/AlfonzGoingGreen/Content/Characters/MainChar/BP/NewAnimBlueprint.uasset" 287
"../../../../../../Users/NIVELLE MENDIOLA/Documents/GitHub/AlfonzGoingGreen/Content/Characters/MainChar/Props/lambert1.uasset" 288
"../../../../../../Users/NIVELLE MENDIOLA/Documents/GitHub/AlfonzGoingGreen/Content/Characters/MainChar/Props/sword.uasset" 289
"../../../../../../Users/NIVELLE MENDIOLA/Documents/GitHub/AlfonzGoingGreen/Content/Characters/MainChar/Props/A_Sword.uasset" 290
"../../../../../../Users/NIVELLE MENDIOLA/Documents/GitHub/AlfonzGoingGreen/Content/Characters/MainChar/Main_Char_RunCycle_PhysicsAsset.uasset" 291
"../../../../../../Users/NIVELLE MENDIOLA/Documents/GitHub/AlfonzGoingGreen/Content/Characters/MainChar/Main_Char_RunCycle.uasset" 292
"../../../../../../Users/NIVELLE MENDIOLA/Documents/GitHub/AlfonzGoingGreen/Content/Cossette/Blueprints/WidgetBlueprint/Attack_And_Jump.uasset" 293
"../../../../../../Users/NIVELLE MENDIOLA/Documents/GitHub/AlfonzGoingGreen/Content/Characters/MainChar/BP/CH_ALFONZ.uasset" 294
"../../../../../../Users/NIVELLE MENDIOLA/Documents/GitHub/AlfonzGoingGreen/Content/Characters/Monster/ketchupbottlemonster_lambert2_BaseColor.uasset" 295
"../../../../../../Users/NIVELLE MENDIOLA/Documents/GitHub/AlfonzGoingGreen/Content/Characters/Monster/ketchupbottlemonster_lambert2_Normal.uasset" 296
"../../../../../../Users/NIVELLE MENDIOLA/Documents/GitHub/AlfonzGoingGreen/Content/Characters/Monster/ketchupbottlemonster_lambert2_OcclusionRoughnessMetallic.uasset" 297
"../../../../../../Users/NIVELLE MENDIOLA/Documents/GitHub/AlfonzGoingGreen/Content/Characters/Monster/lambert2.uasset" 298
"../../../../../../Users/NIVELLE MENDIOLA/Documents/GitHub/AlfonzGoingGreen/Content/Characters/Monster/Bottle/BottleIdle_PhysicsAsset.uasset" 299
"../../../../../../Users/NIVELLE MENDIOLA/Documents/GitHub/AlfonzGoingGreen/Content/Characters/Monster/Bottle/BottleIdle.uasset" 300
"../../../../../../Users/NIVELLE MENDIOLA/Documents/GitHub/AlfonzGoingGreen/Content/Characters/Monster/Bottle/CH_Bottle.uasset" 301
"../../../../../../Users/NIVELLE MENDIOLA/Documents/GitHub/AlfonzGoingGreen/Content/BP/Main/PC_ALFONZ.uasset" 302
"../../../../../../Users/NIVELLE MENDIOLA/Documents/GitHub/AlfonzGoingGreen/Content/BP/Main/GM_ALFONZ.uasset" 303
"../../../../../../Users/NIVELLE MENDIOLA/Documents/GitHub/AlfonzGoingGreen/Content/Level/Stage1_BuiltData.uasset" 304
"../../../../../../Users/NIVELLE MENDIOLA/Documents/GitHub/AlfonzGoingGreen/Content/Level/Aquino/fishpond-area2_Mat.uasset" 305
"../../../../../../Users/NIVELLE MENDIOLA/Documents/GitHub/AlfonzGoingGreen/Content/Level/Aquino/fishpond-area_Mat.uasset" 306
"../../../Engine/Content/BasicShapes/Cube.uasset" 307
"../../../../../../Users/NIVELLE MENDIOLA/Documents/GitHub/AlfonzGoingGreen/Content/Cossette/Textures/1.uasset" 308
"../../../../../../Users/NIVELLE MENDIOLA/Documents/GitHub/AlfonzGoingGreen/Content/Cossette/Blueprints/WidgetBlueprint/Win1.uasset" 309
"../../../../../../Users/NIVELLE MENDIOLA/Documents/GitHub/AlfonzGoingGreen/Content/Level/Stage1.umap" 310
"../../../../../../Users/NIVELLE MENDIOLA/Documents/GitHub/AlfonzGoingGreen/Content/Level/Stage10_BuiltData.uasset" 311
"../../../../../../Users/NIVELLE MENDIOLA/Documents/GitHub/AlfonzGoingGreen/Content/Cossette/Textures/10.uasset" 312
"../../../../../../Users/NIVELLE MENDIOLA/Documents/GitHub/AlfonzGoingGreen/Content/Cossette/Blueprints/WidgetBlueprint/Win10.uasset" 313
"../../../../../../Users/NIVELLE MENDIOLA/Documents/GitHub/AlfonzGoingGreen/Content/Level/Stage10.umap" 314
"../../../../../../Users/NIVELLE MENDIOLA/Documents/GitHub/AlfonzGoingGreen/Content/Level/Stage2_BuiltData.uasset" 315
"../../../../../../Users/NIVELLE MENDIOLA/Documents/GitHub/AlfonzGoingGreen/Content/Cossette/Textures/2.uasset" 316
"../../../../../../Users/NIVELLE MENDIOLA/Documents/GitHub/AlfonzGoingGreen/Content/Cossette/Blueprints/WidgetBlueprint/Win2.uasset" 317
"../../../../../../Users/NIVELLE MENDIOLA/Documents/GitHub/AlfonzGoingGreen/Content/Level/Stage2.umap" 318
"../../../../../../Users/NIVELLE MENDIOLA/Documents/GitHub/AlfonzGoingGreen/Content/Level/Stage3_BuiltData.uasset" 319
"../../../../../../Users/NIVELLE MENDIOLA/Documents/GitHub/AlfonzGoingGreen/Content/Cossette/Blueprints/WidgetBlueprint/Win3.uasset" 320
"../../../../../../Users/NIVELLE MENDIOLA/Documents/GitHub/AlfonzGoingGreen/Content/Level/Stage3.umap" 321
"../../../../../../Users/NIVELLE MENDIOLA/Documents/GitHub/AlfonzGoingGreen/Content/Level/Stage4_BuiltData.uasset" 322
"../../../../../../Users/NIVELLE MENDIOLA/Documents/GitHub/AlfonzGoingGreen/Content/Cossette/Blueprints/WidgetBlueprint/Win4.uasset" 323
"../../../../../../Users/NIVELLE MENDIOLA/Documents/GitHub/AlfonzGoingGreen/Content/Level/Stage4.umap" 324
"../../../../../../Users/NIVELLE MENDIOLA/Documents/GitHub/AlfonzGoingGreen/Content/Level/Stage5_BuiltData.uasset" 325
"../../../../../../Users/NIVELLE MENDIOLA/Documents/GitHub/AlfonzGoingGreen/Content/Cossette/Blueprints/WidgetBlueprint/Win5.uasset" 326
"../../../../../../Users/NIVELLE MENDIOLA/Documents/GitHub/AlfonzGoingGreen/Content/Level/Stage5.umap" 327
"../../../../../../Users/NIVELLE MENDIOLA/Documents/GitHub/AlfonzGoingGreen/Content/Level/Stage6_BuiltData.uasset" 328
"../../../../../../Users/NIVELLE MENDIOLA/Documents/GitHub/AlfonzGoingGreen/Content/Cossette/Blueprints/WidgetBlueprint/Win6.uasset" 329
"../../../../../../Users/NIVELLE MENDIOLA/Documents/GitHub/AlfonzGoingGreen/Content/Level/Stage6.umap" 330
"../../../../../../Users/NIVELLE MENDIOLA/Documents/GitHub/AlfonzGoingGreen/Content/Level/Stage7_BuiltData.uasset" 331
"../../../../../../Users/NIVELLE MENDIOLA/Documents/GitHub/AlfonzGoingGreen/Content/Cossette/Blueprints/WidgetBlueprint/Win7.uasset" 332
"../../../../../../Users/NIVELLE MENDIOLA/Documents/GitHub/AlfonzGoingGreen/Content/Level/Stage7.umap" 333
"../../../../../../Users/NIVELLE MENDIOLA/Documents/GitHub/AlfonzGoingGreen/Content/Level/Stage8_BuiltData.uasset" 334
"../../../../../../Users/NIVELLE MENDIOLA/Documents/GitHub/AlfonzGoingGreen/Content/Cossette/Blueprints/WidgetBlueprint/Win8.uasset" 335
"../../../../../../Users/NIVELLE MENDIOLA/Documents/GitHub/AlfonzGoingGreen/Content/Level/Stage8.umap" 336
"../../../../../../Users/NIVELLE MENDIOLA/Documents/GitHub/AlfonzGoingGreen/Content/Level/Stage9_BuiltData.uasset" 337
"../../../../../../Users/NIVELLE MENDIOLA/Documents/GitHub/AlfonzGoingGreen/Content/Cossette/Blueprints/WidgetBlueprint/Win9.uasset" 338
"../../../../../../Users/NIVELLE MENDIOLA/Documents/GitHub/AlfonzGoingGreen/Content/Level/Stage9.umap" 339
"../../../Engine/Content/Maps/Entry.umap" 340
